2019-11-03 12:01:08.444  INFO 24804 --- [main] com.itcast.CH1GatewayApplication         : The following profiles are active: dev
2019-11-03 12:01:09.814  INFO 24804 --- [main] .s.d.r.c.RepositoryConfigurationDelegate : Multiple Spring Data modules found, entering strict repository configuration mode!
2019-11-03 12:01:09.817  INFO 24804 --- [main] .s.d.r.c.RepositoryConfigurationDelegate : Bootstrapping Spring Data repositories in DEFAULT mode.
2019-11-03 12:01:09.853  INFO 24804 --- [main] .s.d.r.c.RepositoryConfigurationDelegate : Finished Spring Data repository scanning in 15ms. Found 0 repository interfaces.
2019-11-03 12:01:09.960  WARN 24804 --- [main] o.s.boot.actuate.endpoint.EndpointId     : Endpoint ID 'service-registry' contains invalid characters, please migrate to a valid format.
2019-11-03 12:01:10.375  INFO 24804 --- [main] o.s.cloud.context.scope.GenericScope     : BeanFactory id=6d9cab80-3f95-3dd8-81de-8f5754b0a0df
2019-11-03 12:01:10.487  INFO 24804 --- [main] trationDelegate$BeanPostProcessorChecker : Bean 'org.springframework.cloud.autoconfigure.ConfigurationPropertiesRebinderAutoConfiguration' of type [org.springframework.cloud.autoconfigure.ConfigurationPropertiesRebinderAutoConfiguration$$EnhancerBySpringCGLIB$$2ec407ed] is not eligible for getting processed by all BeanPostProcessors (for example: not eligible for auto-proxying)
2019-11-03 12:01:10.752  WARN 24804 --- [main] c.n.c.sources.URLConfigurationSource     : No URLs will be polled as dynamic configuration sources.
2019-11-03 12:01:10.752  INFO 24804 --- [main] c.n.c.sources.URLConfigurationSource     : To enable URLs as dynamic configuration sources, define System property archaius.configurationSource.additionalUrls or make config.properties available on classpath.
2019-11-03 12:01:10.759  WARN 24804 --- [main] c.n.c.sources.URLConfigurationSource     : No URLs will be polled as dynamic configuration sources.
2019-11-03 12:01:10.760  INFO 24804 --- [main] c.n.c.sources.URLConfigurationSource     : To enable URLs as dynamic configuration sources, define System property archaius.configurationSource.additionalUrls or make config.properties available on classpath.
2019-11-03 12:01:13.316 DEBUG 24804 --- [main] o.s.c.gateway.config.GatewayProperties   : Routes supplied from Gateway Properties: [RouteDefinition{id='order_route', predicates=[PredicateDefinition{name='Path', args={_genkey_0=/order/pay/**}}], filters=[], uri=lb://itcast-order, order=0}]
2019-11-03 12:01:14.201  INFO 24804 --- [main] o.s.c.g.r.RouteDefinitionRouteLocator    : Loaded RoutePredicateFactory [After]
2019-11-03 12:01:14.201  INFO 24804 --- [main] o.s.c.g.r.RouteDefinitionRouteLocator    : Loaded RoutePredicateFactory [Before]
2019-11-03 12:01:14.201  INFO 24804 --- [main] o.s.c.g.r.RouteDefinitionRouteLocator    : Loaded RoutePredicateFactory [Between]
2019-11-03 12:01:14.201  INFO 24804 --- [main] o.s.c.g.r.RouteDefinitionRouteLocator    : Loaded RoutePredicateFactory [Cookie]
2019-11-03 12:01:14.201  INFO 24804 --- [main] o.s.c.g.r.RouteDefinitionRouteLocator    : Loaded RoutePredicateFactory [Header]
2019-11-03 12:01:14.201  INFO 24804 --- [main] o.s.c.g.r.RouteDefinitionRouteLocator    : Loaded RoutePredicateFactory [Host]
2019-11-03 12:01:14.202  INFO 24804 --- [main] o.s.c.g.r.RouteDefinitionRouteLocator    : Loaded RoutePredicateFactory [Method]
2019-11-03 12:01:14.202  INFO 24804 --- [main] o.s.c.g.r.RouteDefinitionRouteLocator    : Loaded RoutePredicateFactory [Path]
2019-11-03 12:01:14.202  INFO 24804 --- [main] o.s.c.g.r.RouteDefinitionRouteLocator    : Loaded RoutePredicateFactory [Query]
2019-11-03 12:01:14.202  INFO 24804 --- [main] o.s.c.g.r.RouteDefinitionRouteLocator    : Loaded RoutePredicateFactory [ReadBodyPredicateFactory]
2019-11-03 12:01:14.202  INFO 24804 --- [main] o.s.c.g.r.RouteDefinitionRouteLocator    : Loaded RoutePredicateFactory [RemoteAddr]
2019-11-03 12:01:14.202  INFO 24804 --- [main] o.s.c.g.r.RouteDefinitionRouteLocator    : Loaded RoutePredicateFactory [Weight]
2019-11-03 12:01:14.202  INFO 24804 --- [main] o.s.c.g.r.RouteDefinitionRouteLocator    : Loaded RoutePredicateFactory [CloudFoundryRouteService]
2019-11-03 12:01:14.621  INFO 24804 --- [main] o.s.b.a.e.web.EndpointLinksResolver      : Exposing 24 endpoint(s) beneath base path '/actuator'
2019-11-03 12:01:15.751  INFO 24804 --- [main] o.s.c.n.eureka.InstanceInfoFactory       : Setting initial instance status as: STARTING
2019-11-03 12:01:15.800  INFO 24804 --- [main] com.netflix.discovery.DiscoveryClient    : Initializing Eureka in region us-east-1
2019-11-03 12:01:16.406  INFO 24804 --- [main] c.n.d.provider.DiscoveryJerseyProvider   : Using JSON encoding codec LegacyJacksonJson
2019-11-03 12:01:16.406  INFO 24804 --- [main] c.n.d.provider.DiscoveryJerseyProvider   : Using JSON decoding codec LegacyJacksonJson
2019-11-03 12:01:16.549  INFO 24804 --- [main] c.n.d.provider.DiscoveryJerseyProvider   : Using XML encoding codec XStreamXml
2019-11-03 12:01:16.549  INFO 24804 --- [main] c.n.d.provider.DiscoveryJerseyProvider   : Using XML decoding codec XStreamXml
2019-11-03 12:01:16.759  INFO 24804 --- [main] c.n.d.s.r.aws.ConfigClusterResolver      : Resolving eureka endpoints via configuration
2019-11-03 12:01:17.075  INFO 24804 --- [main] com.netflix.discovery.DiscoveryClient    : Disable delta property : false
2019-11-03 12:01:17.075  INFO 24804 --- [main] com.netflix.discovery.DiscoveryClient    : Single vip registry refresh property : null
2019-11-03 12:01:17.075  INFO 24804 --- [main] com.netflix.discovery.DiscoveryClient    : Force full registry fetch : false
2019-11-03 12:01:17.075  INFO 24804 --- [main] com.netflix.discovery.DiscoveryClient    : Application is null : false
2019-11-03 12:01:17.076  INFO 24804 --- [main] com.netflix.discovery.DiscoveryClient    : Registered Applications size is zero : true
2019-11-03 12:01:17.076  INFO 24804 --- [main] com.netflix.discovery.DiscoveryClient    : Application version is -1: true
2019-11-03 12:01:17.076  INFO 24804 --- [main] com.netflix.discovery.DiscoveryClient    : Getting all instance registry info from the eureka server
2019-11-03 12:01:17.283  INFO 24804 --- [main] com.netflix.discovery.DiscoveryClient    : The response status is 200
2019-11-03 12:01:17.286  INFO 24804 --- [main] com.netflix.discovery.DiscoveryClient    : Starting heartbeat executor: renew interval is: 30
2019-11-03 12:01:17.289  INFO 24804 --- [main] c.n.discovery.InstanceInfoReplicator     : InstanceInfoReplicator onDemand update allowed rate per min is 4
2019-11-03 12:01:17.293  INFO 24804 --- [main] com.netflix.discovery.DiscoveryClient    : Discovery Client initialized at timestamp 1572753677292 with initial instances count: 1
2019-11-03 12:01:17.295  INFO 24804 --- [main] o.s.c.n.e.s.EurekaServiceRegistry        : Registering application ITCAST-GATEWAY with eureka with status UP
2019-11-03 12:01:17.296  INFO 24804 --- [main] com.netflix.discovery.DiscoveryClient    : Saw local status change event StatusChangeEvent [timestamp=1572753677296, current=UP, previous=STARTING]
2019-11-03 12:01:17.299  INFO 24804 --- [DiscoveryClient-InstanceInfoReplicator-0] com.netflix.discovery.DiscoveryClient    : DiscoveryClient_ITCAST-GATEWAY/192.168.0.104:7000: registering service...
2019-11-03 12:01:17.389  INFO 24804 --- [DiscoveryClient-InstanceInfoReplicator-0] com.netflix.discovery.DiscoveryClient    : DiscoveryClient_ITCAST-GATEWAY/192.168.0.104:7000 - registration status: 204
2019-11-03 12:01:18.227  INFO 24804 --- [main] o.s.b.web.embedded.netty.NettyWebServer  : Netty started on port(s): 7000
2019-11-03 12:01:18.242  INFO 24804 --- [main] .s.c.n.e.s.EurekaAutoServiceRegistration : Updating port to 7000
2019-11-03 12:01:18.244  INFO 24804 --- [main] com.itcast.CH1GatewayApplication         : Started CH1GatewayApplication in 12.418 seconds (JVM running for 14.116)
2019-11-03 12:01:19.109  INFO 24804 --- [RMI TCP Connection(2)-192.168.0.104] io.lettuce.core.EpollProvider            : Starting without optional epoll library
2019-11-03 12:01:19.112  INFO 24804 --- [RMI TCP Connection(2)-192.168.0.104] io.lettuce.core.KqueueProvider           : Starting without optional kqueue library
2019-11-03 12:06:17.079  INFO 24804 --- [AsyncResolver-bootstrap-executor-0] c.n.d.s.r.aws.ConfigClusterResolver      : Resolving eureka endpoints via configuration
2019-11-03 12:11:17.081  INFO 24804 --- [AsyncResolver-bootstrap-executor-0] c.n.d.s.r.aws.ConfigClusterResolver      : Resolving eureka endpoints via configuration
2019-11-03 12:16:17.082  INFO 24804 --- [AsyncResolver-bootstrap-executor-0] c.n.d.s.r.aws.ConfigClusterResolver      : Resolving eureka endpoints via configuration
2019-11-03 12:21:17.083  INFO 24804 --- [AsyncResolver-bootstrap-executor-0] c.n.d.s.r.aws.ConfigClusterResolver      : Resolving eureka endpoints via configuration
2019-11-03 12:26:17.085  INFO 24804 --- [AsyncResolver-bootstrap-executor-0] c.n.d.s.r.aws.ConfigClusterResolver      : Resolving eureka endpoints via configuration
2019-11-03 12:31:17.086  INFO 24804 --- [AsyncResolver-bootstrap-executor-0] c.n.d.s.r.aws.ConfigClusterResolver      : Resolving eureka endpoints via configuration
2019-11-03 12:36:17.088  INFO 24804 --- [AsyncResolver-bootstrap-executor-0] c.n.d.s.r.aws.ConfigClusterResolver      : Resolving eureka endpoints via configuration
2019-11-03 12:41:17.089  INFO 24804 --- [AsyncResolver-bootstrap-executor-0] c.n.d.s.r.aws.ConfigClusterResolver      : Resolving eureka endpoints via configuration
2019-11-03 12:46:17.091  INFO 24804 --- [AsyncResolver-bootstrap-executor-0] c.n.d.s.r.aws.ConfigClusterResolver      : Resolving eureka endpoints via configuration
2019-11-03 12:49:25.104 DEBUG 24804 --- [reactor-http-nio-3] o.s.c.g.r.RouteDefinitionRouteLocator    : RouteDefinition CompositeDiscoveryClient_ITCAST-ORDER applying {pattern=/itcast-order/**} to Path
2019-11-03 12:49:25.147 DEBUG 24804 --- [reactor-http-nio-3] o.s.c.g.r.RouteDefinitionRouteLocator    : RouteDefinition CompositeDiscoveryClient_ITCAST-ORDER applying filter {regexp=/itcast-order/(?<remaining>.*), replacement=/${remaining}} to RewritePath
2019-11-03 12:49:25.151 DEBUG 24804 --- [reactor-http-nio-3] o.s.c.g.r.RouteDefinitionRouteLocator    : RouteDefinition matched: CompositeDiscoveryClient_ITCAST-ORDER
2019-11-03 12:49:25.152 DEBUG 24804 --- [reactor-http-nio-3] o.s.c.g.r.RouteDefinitionRouteLocator    : RouteDefinition CompositeDiscoveryClient_ITCAST-GATEWAY applying {pattern=/itcast-gateway/**} to Path
2019-11-03 12:49:25.153 DEBUG 24804 --- [reactor-http-nio-3] o.s.c.g.r.RouteDefinitionRouteLocator    : RouteDefinition CompositeDiscoveryClient_ITCAST-GATEWAY applying filter {regexp=/itcast-gateway/(?<remaining>.*), replacement=/${remaining}} to RewritePath
2019-11-03 12:49:25.153 DEBUG 24804 --- [reactor-http-nio-3] o.s.c.g.r.RouteDefinitionRouteLocator    : RouteDefinition matched: CompositeDiscoveryClient_ITCAST-GATEWAY
2019-11-03 12:49:25.154 DEBUG 24804 --- [reactor-http-nio-3] o.s.c.g.r.RouteDefinitionRouteLocator    : RouteDefinition order_route applying {_genkey_0=/order/pay/**} to Path
2019-11-03 12:49:25.154 DEBUG 24804 --- [reactor-http-nio-3] o.s.c.g.r.RouteDefinitionRouteLocator    : RouteDefinition matched: order_route
2019-11-03 12:49:25.160 DEBUG 24804 --- [reactor-http-nio-3] o.s.c.g.h.RoutePredicateHandlerMapping   : Route matched: order_route
2019-11-03 12:49:25.160 DEBUG 24804 --- [reactor-http-nio-3] o.s.c.g.h.RoutePredicateHandlerMapping   : Mapping [Exchange: POST http://localhost:7000/order/pay/] to Route{id='order_route', uri=lb://itcast-order, order=0, predicate=org.springframework.cloud.gateway.support.ServerWebExchangeUtils$$Lambda$861/534080428@611c727d, gatewayFilters=[]}
2019-11-03 12:49:25.160 DEBUG 24804 --- [reactor-http-nio-3] o.s.c.g.h.RoutePredicateHandlerMapping   : [d8ffaf76] Mapped to org.springframework.cloud.gateway.handler.FilteringWebHandler@40f3a620
2019-11-03 12:49:25.161 DEBUG 24804 --- [reactor-http-nio-3] o.s.c.g.handler.FilteringWebHandler      : Sorted gatewayFilterFactories: [OrderedGatewayFilter{delegate=GatewayFilterAdapter{delegate=org.springframework.cloud.gateway.filter.AdaptCachedBodyGlobalFilter@2b4d4327}, order=-2147482648}, OrderedGatewayFilter{delegate=GatewayFilterAdapter{delegate=org.springframework.cloud.gateway.filter.GatewayMetricsFilter@1b0e9707}, order=-2147473648}, OrderedGatewayFilter{delegate=GatewayFilterAdapter{delegate=org.springframework.cloud.gateway.filter.NettyWriteResponseFilter@5f34907b}, order=-1}, OrderedGatewayFilter{delegate=GatewayFilterAdapter{delegate=org.springframework.cloud.gateway.filter.ForwardPathFilter@1c52552f}, order=0}, OrderedGatewayFilter{delegate=GatewayFilterAdapter{delegate=org.springframework.cloud.gateway.filter.RouteToRequestUrlFilter@16da1abc}, order=10000}, OrderedGatewayFilter{delegate=GatewayFilterAdapter{delegate=org.springframework.cloud.gateway.filter.LoadBalancerClientFilter@4b1ec694}, order=10100}, OrderedGatewayFilter{delegate=GatewayFilterAdapter{delegate=org.springframework.cloud.gateway.filter.WebsocketRoutingFilter@5dc769f9}, order=2147483646}, OrderedGatewayFilter{delegate=GatewayFilterAdapter{delegate=org.springframework.cloud.gateway.filter.NettyRoutingFilter@3d299393}, order=2147483647}, OrderedGatewayFilter{delegate=GatewayFilterAdapter{delegate=org.springframework.cloud.gateway.filter.ForwardRoutingFilter@671ea6ff}, order=2147483647}]
2019-11-03 12:49:25.652  INFO 24804 --- [reactor-http-nio-3] c.netflix.config.ChainedDynamicProperty  : Flipping property: itcast-order.ribbon.ActiveConnectionsLimit to use NEXT property: niws.loadbalancer.availabilityFilteringRule.activeConnectionsLimit = 2147483647
2019-11-03 12:49:25.724  INFO 24804 --- [reactor-http-nio-3] c.n.u.concurrent.ShutdownEnabledTimer    : Shutdown hook installed for: NFLoadBalancer-PingTimer-itcast-order
2019-11-03 12:49:25.725  INFO 24804 --- [reactor-http-nio-3] c.netflix.loadbalancer.BaseLoadBalancer  : Client: itcast-order instantiated a LoadBalancer: DynamicServerListLoadBalancer:{NFLoadBalancer:name=itcast-order,current list of Servers=[],Load balancer stats=Zone stats: {},Server stats: []}ServerList:null
2019-11-03 12:49:25.738  INFO 24804 --- [reactor-http-nio-3] c.n.l.DynamicServerListLoadBalancer      : Using serverListUpdater PollingServerListUpdater
2019-11-03 12:49:25.776  INFO 24804 --- [reactor-http-nio-3] c.netflix.config.ChainedDynamicProperty  : Flipping property: itcast-order.ribbon.ActiveConnectionsLimit to use NEXT property: niws.loadbalancer.availabilityFilteringRule.activeConnectionsLimit = 2147483647
2019-11-03 12:49:25.778  INFO 24804 --- [reactor-http-nio-3] c.n.l.DynamicServerListLoadBalancer      : DynamicServerListLoadBalancer for client itcast-order initialized: DynamicServerListLoadBalancer:{NFLoadBalancer:name=itcast-order,current list of Servers=[192.168.0.104:8100],Load balancer stats=Zone stats: {defaultzone=[Zone:defaultzone;	Instance count:1;	Active connections count: 0;	Circuit breaker tripped count: 0;	Active connections per server: 0.0;]
},Server stats: [[Server:192.168.0.104:8100;	Zone:defaultZone;	Total Requests:0;	Successive connection failure:0;	Total blackout seconds:0;	Last connection made:Thu Jan 01 08:00:00 CST 1970;	First connection made: Thu Jan 01 08:00:00 CST 1970;	Active Connections:0;	total failure count in last (1000) msecs:0;	average resp time:0.0;	90 percentile resp time:0.0;	95 percentile resp time:0.0;	min resp time:0.0;	max resp time:0.0;	stddev resp time:0.0]
]}ServerList:org.springframework.cloud.netflix.ribbon.eureka.DomainExtractingServerList@5a34c4c0
2019-11-03 12:49:26.744  INFO 24804 --- [PollingServerListUpdater-0] c.netflix.config.ChainedDynamicProperty  : Flipping property: itcast-order.ribbon.ActiveConnectionsLimit to use NEXT property: niws.loadbalancer.availabilityFilteringRule.activeConnectionsLimit = 2147483647
2019-11-03 12:49:43.788 DEBUG 24804 --- [reactor-http-nio-3] o.s.c.g.r.RouteDefinitionRouteLocator    : RouteDefinition CompositeDiscoveryClient_ITCAST-ORDER applying {pattern=/itcast-order/**} to Path
2019-11-03 12:49:43.790 DEBUG 24804 --- [reactor-http-nio-3] o.s.c.g.r.RouteDefinitionRouteLocator    : RouteDefinition CompositeDiscoveryClient_ITCAST-ORDER applying filter {regexp=/itcast-order/(?<remaining>.*), replacement=/${remaining}} to RewritePath
2019-11-03 12:49:43.792 DEBUG 24804 --- [reactor-http-nio-3] o.s.c.g.r.RouteDefinitionRouteLocator    : RouteDefinition matched: CompositeDiscoveryClient_ITCAST-ORDER
2019-11-03 12:49:43.793 DEBUG 24804 --- [reactor-http-nio-3] o.s.c.g.r.RouteDefinitionRouteLocator    : RouteDefinition CompositeDiscoveryClient_ITCAST-GATEWAY applying {pattern=/itcast-gateway/**} to Path
2019-11-03 12:49:43.794 DEBUG 24804 --- [reactor-http-nio-3] o.s.c.g.r.RouteDefinitionRouteLocator    : RouteDefinition CompositeDiscoveryClient_ITCAST-GATEWAY applying filter {regexp=/itcast-gateway/(?<remaining>.*), replacement=/${remaining}} to RewritePath
2019-11-03 12:49:43.795 DEBUG 24804 --- [reactor-http-nio-3] o.s.c.g.r.RouteDefinitionRouteLocator    : RouteDefinition matched: CompositeDiscoveryClient_ITCAST-GATEWAY
2019-11-03 12:49:43.796 DEBUG 24804 --- [reactor-http-nio-3] o.s.c.g.r.RouteDefinitionRouteLocator    : RouteDefinition order_route applying {_genkey_0=/order/pay/**} to Path
2019-11-03 12:49:43.797 DEBUG 24804 --- [reactor-http-nio-3] o.s.c.g.r.RouteDefinitionRouteLocator    : RouteDefinition matched: order_route
2019-11-03 12:49:43.798 DEBUG 24804 --- [reactor-http-nio-3] o.s.c.g.h.RoutePredicateHandlerMapping   : Route matched: order_route
2019-11-03 12:49:43.798 DEBUG 24804 --- [reactor-http-nio-3] o.s.c.g.h.RoutePredicateHandlerMapping   : Mapping [Exchange: POST http://localhost:7000/order/pay/] to Route{id='order_route', uri=lb://itcast-order, order=0, predicate=org.springframework.cloud.gateway.support.ServerWebExchangeUtils$$Lambda$861/534080428@6f493b3a, gatewayFilters=[]}
2019-11-03 12:49:43.798 DEBUG 24804 --- [reactor-http-nio-3] o.s.c.g.h.RoutePredicateHandlerMapping   : [d8ffaf76] Mapped to org.springframework.cloud.gateway.handler.FilteringWebHandler@40f3a620
2019-11-03 12:49:43.798 DEBUG 24804 --- [reactor-http-nio-3] o.s.c.g.handler.FilteringWebHandler      : Sorted gatewayFilterFactories: [OrderedGatewayFilter{delegate=GatewayFilterAdapter{delegate=org.springframework.cloud.gateway.filter.AdaptCachedBodyGlobalFilter@2b4d4327}, order=-2147482648}, OrderedGatewayFilter{delegate=GatewayFilterAdapter{delegate=org.springframework.cloud.gateway.filter.GatewayMetricsFilter@1b0e9707}, order=-2147473648}, OrderedGatewayFilter{delegate=GatewayFilterAdapter{delegate=org.springframework.cloud.gateway.filter.NettyWriteResponseFilter@5f34907b}, order=-1}, OrderedGatewayFilter{delegate=GatewayFilterAdapter{delegate=org.springframework.cloud.gateway.filter.ForwardPathFilter@1c52552f}, order=0}, OrderedGatewayFilter{delegate=GatewayFilterAdapter{delegate=org.springframework.cloud.gateway.filter.RouteToRequestUrlFilter@16da1abc}, order=10000}, OrderedGatewayFilter{delegate=GatewayFilterAdapter{delegate=org.springframework.cloud.gateway.filter.LoadBalancerClientFilter@4b1ec694}, order=10100}, OrderedGatewayFilter{delegate=GatewayFilterAdapter{delegate=org.springframework.cloud.gateway.filter.WebsocketRoutingFilter@5dc769f9}, order=2147483646}, OrderedGatewayFilter{delegate=GatewayFilterAdapter{delegate=org.springframework.cloud.gateway.filter.NettyRoutingFilter@3d299393}, order=2147483647}, OrderedGatewayFilter{delegate=GatewayFilterAdapter{delegate=org.springframework.cloud.gateway.filter.ForwardRoutingFilter@671ea6ff}, order=2147483647}]
2019-11-03 12:51:17.092  INFO 24804 --- [AsyncResolver-bootstrap-executor-0] c.n.d.s.r.aws.ConfigClusterResolver      : Resolving eureka endpoints via configuration
2019-11-03 12:56:17.093  INFO 24804 --- [AsyncResolver-bootstrap-executor-0] c.n.d.s.r.aws.ConfigClusterResolver      : Resolving eureka endpoints via configuration
2019-11-03 13:01:17.095  INFO 24804 --- [AsyncResolver-bootstrap-executor-0] c.n.d.s.r.aws.ConfigClusterResolver      : Resolving eureka endpoints via configuration
