2019-11-03 11:45:07.417  INFO 15428 --- [main] com.itcast.CH1111EurekaApplication       : No active profile set, falling back to default profiles: default
2019-11-03 11:45:09.438  WARN 15428 --- [main] o.s.boot.actuate.endpoint.EndpointId     : Endpoint ID 'service-registry' contains invalid characters, please migrate to a valid format.
2019-11-03 11:45:09.770  INFO 15428 --- [main] o.s.cloud.context.scope.GenericScope     : BeanFactory id=080aca08-eafc-3ae5-97b5-ce6b40594b5e
2019-11-03 11:45:09.882  INFO 15428 --- [main] trationDelegate$BeanPostProcessorChecker : Bean 'org.springframework.cloud.autoconfigure.ConfigurationPropertiesRebinderAutoConfiguration' of type [org.springframework.cloud.autoconfigure.ConfigurationPropertiesRebinderAutoConfiguration$$EnhancerBySpringCGLIB$$95652b1] is not eligible for getting processed by all BeanPostProcessors (for example: not eligible for auto-proxying)
2019-11-03 11:45:10.718  INFO 15428 --- [main] o.s.b.w.embedded.tomcat.TomcatWebServer  : Tomcat initialized with port(s): 7001 (http)
2019-11-03 11:45:10.811  INFO 15428 --- [main] o.apache.catalina.core.StandardService   : Starting service [Tomcat]
2019-11-03 11:45:10.812  INFO 15428 --- [main] org.apache.catalina.core.StandardEngine  : Starting Servlet engine: [Apache Tomcat/9.0.17]
2019-11-03 11:45:11.067  INFO 15428 --- [main] o.a.c.c.C.[Tomcat].[localhost].[/]       : Initializing Spring embedded WebApplicationContext
2019-11-03 11:45:11.067  INFO 15428 --- [main] o.s.web.context.ContextLoader            : Root WebApplicationContext: initialization completed in 3621 ms
2019-11-03 11:45:11.412  WARN 15428 --- [main] c.n.c.sources.URLConfigurationSource     : No URLs will be polled as dynamic configuration sources.
2019-11-03 11:45:11.412  INFO 15428 --- [main] c.n.c.sources.URLConfigurationSource     : To enable URLs as dynamic configuration sources, define System property archaius.configurationSource.additionalUrls or make config.properties available on classpath.
2019-11-03 11:45:11.444  INFO 15428 --- [main] c.netflix.config.DynamicPropertyFactory  : DynamicPropertyFactory is initialized with configuration sources: com.netflix.config.ConcurrentCompositeConfiguration@6981f8f3
2019-11-03 11:45:11.530 ERROR 15428 --- [main] o.s.b.web.embedded.tomcat.TomcatStarter  : Error starting Tomcat context. Exception: org.springframework.beans.factory.UnsatisfiedDependencyException. Message: Error creating bean with name 'org.springframework.cloud.netflix.eureka.server.EurekaServerAutoConfiguration': Unsatisfied dependency expressed through field 'eurekaServerConfig'; nested exception is org.springframework.beans.factory.UnsatisfiedDependencyException: Error creating bean with name 'eurekaServerConfig' defined in class path resource [org/springframework/cloud/netflix/eureka/server/EurekaServerAutoConfiguration$EurekaServerConfigBeanConfiguration.class]: Unsatisfied dependency expressed through method 'eurekaServerConfig' parameter 0; nested exception is org.springframework.boot.context.properties.ConfigurationPropertiesBindException: Error creating bean with name 'eurekaClientConfigBean': Could not bind properties to 'EurekaClientConfigBean' : prefix=eureka.client, ignoreInvalidFields=false, ignoreUnknownFields=true; nested exception is org.springframework.boot.context.properties.bind.BindException: Failed to bind properties under 'eureka.client.register-with-eureka' to boolean
2019-11-03 11:45:11.581  INFO 15428 --- [main] o.apache.catalina.core.StandardService   : Stopping service [Tomcat]
2019-11-03 11:45:11.617  WARN 15428 --- [main] ConfigServletWebServerApplicationContext : Exception encountered during context initialization - cancelling refresh attempt: org.springframework.context.ApplicationContextException: Unable to start web server; nested exception is org.springframework.boot.web.server.WebServerException: Unable to start embedded Tomcat
2019-11-03 11:45:11.630  INFO 15428 --- [main] ConditionEvaluationReportLoggingListener : 

Error starting ApplicationContext. To display the conditions report re-run your application with 'debug' enabled.
2019-11-03 11:45:11.661 ERROR 15428 --- [main] o.s.b.d.LoggingFailureAnalysisReporter   : 

***************************
APPLICATION FAILED TO START
***************************

Description:

Failed to bind properties under 'eureka.client.register-with-eureka' to boolean:

    Property: eureka.client.registerwitheureka
    Value: ${eureka.client.registerWithEureka}
    Origin: class path resource [application.yml]:15:25
    Reason: Circular placeholder reference 'eureka.client.registerWithEureka' in property definitions

Action:

Update your application's configuration

2019-11-03 11:45:47.970  INFO 13208 --- [main] com.itcast.CH1111EurekaApplication       : The following profiles are active: dev
2019-11-03 11:45:48.708  WARN 13208 --- [main] o.s.boot.actuate.endpoint.EndpointId     : Endpoint ID 'service-registry' contains invalid characters, please migrate to a valid format.
2019-11-03 11:45:48.951  INFO 13208 --- [main] o.s.cloud.context.scope.GenericScope     : BeanFactory id=686761f2-7392-331c-9f73-12be80c7ef4d
2019-11-03 11:45:49.033  INFO 13208 --- [main] trationDelegate$BeanPostProcessorChecker : Bean 'org.springframework.cloud.autoconfigure.ConfigurationPropertiesRebinderAutoConfiguration' of type [org.springframework.cloud.autoconfigure.ConfigurationPropertiesRebinderAutoConfiguration$$EnhancerBySpringCGLIB$$c21aa722] is not eligible for getting processed by all BeanPostProcessors (for example: not eligible for auto-proxying)
2019-11-03 11:45:49.335  INFO 13208 --- [main] o.s.b.w.embedded.tomcat.TomcatWebServer  : Tomcat initialized with port(s): 7001 (http)
2019-11-03 11:45:49.372  INFO 13208 --- [main] o.apache.catalina.core.StandardService   : Starting service [Tomcat]
2019-11-03 11:45:49.372  INFO 13208 --- [main] org.apache.catalina.core.StandardEngine  : Starting Servlet engine: [Apache Tomcat/9.0.17]
2019-11-03 11:45:49.491  INFO 13208 --- [main] o.a.c.c.C.[Tomcat].[localhost].[/]       : Initializing Spring embedded WebApplicationContext
2019-11-03 11:45:49.492  INFO 13208 --- [main] o.s.web.context.ContextLoader            : Root WebApplicationContext: initialization completed in 1509 ms
2019-11-03 11:45:49.764  WARN 13208 --- [main] c.n.c.sources.URLConfigurationSource     : No URLs will be polled as dynamic configuration sources.
2019-11-03 11:45:49.765  INFO 13208 --- [main] c.n.c.sources.URLConfigurationSource     : To enable URLs as dynamic configuration sources, define System property archaius.configurationSource.additionalUrls or make config.properties available on classpath.
2019-11-03 11:45:49.774  INFO 13208 --- [main] c.netflix.config.DynamicPropertyFactory  : DynamicPropertyFactory is initialized with configuration sources: com.netflix.config.ConcurrentCompositeConfiguration@97d0c06
2019-11-03 11:45:51.360  INFO 13208 --- [main] c.s.j.s.i.a.WebApplicationImpl           : Initiating Jersey application, version 'Jersey: 1.19.1 03/11/2016 02:08 PM'
2019-11-03 11:45:51.444  INFO 13208 --- [main] c.n.d.provider.DiscoveryJerseyProvider   : Using JSON encoding codec LegacyJacksonJson
2019-11-03 11:45:51.445  INFO 13208 --- [main] c.n.d.provider.DiscoveryJerseyProvider   : Using JSON decoding codec LegacyJacksonJson
2019-11-03 11:45:51.709  INFO 13208 --- [main] c.n.d.provider.DiscoveryJerseyProvider   : Using XML encoding codec XStreamXml
2019-11-03 11:45:51.710  INFO 13208 --- [main] c.n.d.provider.DiscoveryJerseyProvider   : Using XML decoding codec XStreamXml
2019-11-03 11:45:52.259  WARN 13208 --- [main] c.n.c.sources.URLConfigurationSource     : No URLs will be polled as dynamic configuration sources.
2019-11-03 11:45:52.259  INFO 13208 --- [main] c.n.c.sources.URLConfigurationSource     : To enable URLs as dynamic configuration sources, define System property archaius.configurationSource.additionalUrls or make config.properties available on classpath.
2019-11-03 11:45:52.513  INFO 13208 --- [main] o.s.s.concurrent.ThreadPoolTaskExecutor  : Initializing ExecutorService 'applicationTaskExecutor'
2019-11-03 11:45:53.765  INFO 13208 --- [main] o.s.c.n.eureka.InstanceInfoFactory       : Setting initial instance status as: STARTING
2019-11-03 11:45:53.828  INFO 13208 --- [main] com.netflix.discovery.DiscoveryClient    : Initializing Eureka in region us-east-1
2019-11-03 11:45:53.829  INFO 13208 --- [main] com.netflix.discovery.DiscoveryClient    : Client configured to neither register nor query for data.
2019-11-03 11:45:53.857  INFO 13208 --- [main] com.netflix.discovery.DiscoveryClient    : Discovery Client initialized at timestamp 1572752753834 with initial instances count: 0
2019-11-03 11:45:53.935  INFO 13208 --- [main] c.n.eureka.DefaultEurekaServerContext    : Initializing ...
2019-11-03 11:45:53.937  INFO 13208 --- [main] c.n.eureka.cluster.PeerEurekaNodes       : Adding new peer nodes [http://127.0.0.1:7001/eureka/]
2019-11-03 11:45:54.610  INFO 13208 --- [main] c.n.d.provider.DiscoveryJerseyProvider   : Using JSON encoding codec LegacyJacksonJson
2019-11-03 11:45:54.610  INFO 13208 --- [main] c.n.d.provider.DiscoveryJerseyProvider   : Using JSON decoding codec LegacyJacksonJson
2019-11-03 11:45:54.611  INFO 13208 --- [main] c.n.d.provider.DiscoveryJerseyProvider   : Using XML encoding codec XStreamXml
2019-11-03 11:45:54.611  INFO 13208 --- [main] c.n.d.provider.DiscoveryJerseyProvider   : Using XML decoding codec XStreamXml
2019-11-03 11:45:54.745  INFO 13208 --- [main] c.n.eureka.cluster.PeerEurekaNodes       : Replica node URL:  http://127.0.0.1:7001/eureka/
2019-11-03 11:45:54.765  INFO 13208 --- [main] c.n.e.registry.AbstractInstanceRegistry  : Finished initializing remote region registries. All known remote regions: []
2019-11-03 11:45:54.767  INFO 13208 --- [main] c.n.eureka.DefaultEurekaServerContext    : Initialized
2019-11-03 11:45:54.775  INFO 13208 --- [main] o.s.b.a.e.web.EndpointLinksResolver      : Exposing 23 endpoint(s) beneath base path '/actuator'
2019-11-03 11:45:54.934  INFO 13208 --- [main] o.s.c.n.e.s.EurekaServiceRegistry        : Registering application ITCAST-EUREKA with eureka with status UP
2019-11-03 11:45:54.937  INFO 13208 --- [Thread-29] o.s.c.n.e.server.EurekaServerBootstrap   : Setting the eureka configuration..
2019-11-03 11:45:54.938  INFO 13208 --- [Thread-29] o.s.c.n.e.server.EurekaServerBootstrap   : Eureka data center value eureka.datacenter is not set, defaulting to default
2019-11-03 11:45:54.939  INFO 13208 --- [Thread-29] o.s.c.n.e.server.EurekaServerBootstrap   : Eureka environment value eureka.environment is not set, defaulting to test
2019-11-03 11:45:54.995  INFO 13208 --- [Thread-29] o.s.c.n.e.server.EurekaServerBootstrap   : isAws returned false
2019-11-03 11:45:54.996  INFO 13208 --- [Thread-29] o.s.c.n.e.server.EurekaServerBootstrap   : Initialized server context
2019-11-03 11:45:54.996  INFO 13208 --- [Thread-29] c.n.e.r.PeerAwareInstanceRegistryImpl    : Got 1 instances from neighboring DS node
2019-11-03 11:45:54.996  INFO 13208 --- [Thread-29] c.n.e.r.PeerAwareInstanceRegistryImpl    : Renew threshold is: 1
2019-11-03 11:45:54.997  INFO 13208 --- [Thread-29] c.n.e.r.PeerAwareInstanceRegistryImpl    : Changing status to UP
2019-11-03 11:45:55.006  INFO 13208 --- [Thread-29] e.s.EurekaServerInitializerConfiguration : Started Eureka Server
2019-11-03 11:45:55.007  INFO 13208 --- [main] o.s.b.w.embedded.tomcat.TomcatWebServer  : Tomcat started on port(s): 7001 (http) with context path ''
2019-11-03 11:45:55.009  INFO 13208 --- [main] .s.c.n.e.s.EurekaAutoServiceRegistration : Updating port to 7001
2019-11-03 11:45:55.011  INFO 13208 --- [main] com.itcast.CH1111EurekaApplication       : Started CH1111EurekaApplication in 9.209 seconds (JVM running for 10.527)
2019-11-03 11:45:56.274  INFO 13208 --- [RMI TCP Connection(2)-192.168.0.104] o.a.c.c.C.[Tomcat].[localhost].[/]       : Initializing Spring DispatcherServlet 'dispatcherServlet'
2019-11-03 11:45:56.275  INFO 13208 --- [RMI TCP Connection(2)-192.168.0.104] o.s.web.servlet.DispatcherServlet        : Initializing Servlet 'dispatcherServlet'
2019-11-03 11:45:56.300  INFO 13208 --- [RMI TCP Connection(2)-192.168.0.104] o.s.web.servlet.DispatcherServlet        : Completed initialization in 25 ms
2019-11-03 11:46:54.999  INFO 13208 --- [Eureka-EvictionTimer] c.n.e.registry.AbstractInstanceRegistry  : Running the evict task with compensationTime 0ms
2019-11-03 11:47:54.999  INFO 13208 --- [Eureka-EvictionTimer] c.n.e.registry.AbstractInstanceRegistry  : Running the evict task with compensationTime 0ms
2019-11-03 11:48:55.000  INFO 13208 --- [Eureka-EvictionTimer] c.n.e.registry.AbstractInstanceRegistry  : Running the evict task with compensationTime 0ms
2019-11-03 11:49:55.001  INFO 13208 --- [Eureka-EvictionTimer] c.n.e.registry.AbstractInstanceRegistry  : Running the evict task with compensationTime 0ms
2019-11-03 11:50:55.002  INFO 13208 --- [Eureka-EvictionTimer] c.n.e.registry.AbstractInstanceRegistry  : Running the evict task with compensationTime 0ms
2019-11-03 11:51:41.039  INFO 13208 --- [http-nio-7001-exec-2] c.n.e.registry.AbstractInstanceRegistry  : Registered instance ITCAST-ORDER/192.168.0.104:8100 with status UP (replication=false)
2019-11-03 11:51:41.763  INFO 13208 --- [http-nio-7001-exec-3] c.n.e.registry.AbstractInstanceRegistry  : Registered instance ITCAST-ORDER/192.168.0.104:8100 with status UP (replication=true)
2019-11-03 11:51:55.004  INFO 13208 --- [Eureka-EvictionTimer] c.n.e.registry.AbstractInstanceRegistry  : Running the evict task with compensationTime 1ms
2019-11-03 11:52:55.004  INFO 13208 --- [Eureka-EvictionTimer] c.n.e.registry.AbstractInstanceRegistry  : Running the evict task with compensationTime 0ms
2019-11-03 11:53:55.004  INFO 13208 --- [Eureka-EvictionTimer] c.n.e.registry.AbstractInstanceRegistry  : Running the evict task with compensationTime 0ms
2019-11-03 11:54:55.005  INFO 13208 --- [Eureka-EvictionTimer] c.n.e.registry.AbstractInstanceRegistry  : Running the evict task with compensationTime 0ms
2019-11-03 11:55:55.006  INFO 13208 --- [Eureka-EvictionTimer] c.n.e.registry.AbstractInstanceRegistry  : Running the evict task with compensationTime 0ms
2019-11-03 11:56:55.007  INFO 13208 --- [Eureka-EvictionTimer] c.n.e.registry.AbstractInstanceRegistry  : Running the evict task with compensationTime 0ms
2019-11-03 11:57:55.008  INFO 13208 --- [Eureka-EvictionTimer] c.n.e.registry.AbstractInstanceRegistry  : Running the evict task with compensationTime 0ms
2019-11-03 11:58:55.008  INFO 13208 --- [Eureka-EvictionTimer] c.n.e.registry.AbstractInstanceRegistry  : Running the evict task with compensationTime 0ms
2019-11-03 11:59:55.009  INFO 13208 --- [Eureka-EvictionTimer] c.n.e.registry.AbstractInstanceRegistry  : Running the evict task with compensationTime 0ms
2019-11-03 12:00:54.766  INFO 13208 --- [ReplicaAwareInstanceRegistry - RenewalThresholdUpdater] c.n.e.r.PeerAwareInstanceRegistryImpl    : Current renewal threshold is : 0
2019-11-03 12:00:55.010  INFO 13208 --- [Eureka-EvictionTimer] c.n.e.registry.AbstractInstanceRegistry  : Running the evict task with compensationTime 0ms
2019-11-03 12:01:17.388  INFO 13208 --- [http-nio-7001-exec-9] c.n.e.registry.AbstractInstanceRegistry  : Registered instance ITCAST-GATEWAY/192.168.0.104:7000 with status UP (replication=false)
2019-11-03 12:01:17.900  INFO 13208 --- [http-nio-7001-exec-1] c.n.e.registry.AbstractInstanceRegistry  : Registered instance ITCAST-GATEWAY/192.168.0.104:7000 with status UP (replication=true)
2019-11-03 12:01:55.011  INFO 13208 --- [Eureka-EvictionTimer] c.n.e.registry.AbstractInstanceRegistry  : Running the evict task with compensationTime 0ms
2019-11-03 12:02:55.012  INFO 13208 --- [Eureka-EvictionTimer] c.n.e.registry.AbstractInstanceRegistry  : Running the evict task with compensationTime 0ms
2019-11-03 12:03:55.012  INFO 13208 --- [Eureka-EvictionTimer] c.n.e.registry.AbstractInstanceRegistry  : Running the evict task with compensationTime 0ms
2019-11-03 12:04:55.012  INFO 13208 --- [Eureka-EvictionTimer] c.n.e.registry.AbstractInstanceRegistry  : Running the evict task with compensationTime 0ms
2019-11-03 12:05:55.013  INFO 13208 --- [Eureka-EvictionTimer] c.n.e.registry.AbstractInstanceRegistry  : Running the evict task with compensationTime 0ms
2019-11-03 12:06:55.013  INFO 13208 --- [Eureka-EvictionTimer] c.n.e.registry.AbstractInstanceRegistry  : Running the evict task with compensationTime 0ms
2019-11-03 12:07:55.013  INFO 13208 --- [Eureka-EvictionTimer] c.n.e.registry.AbstractInstanceRegistry  : Running the evict task with compensationTime 0ms
2019-11-03 12:08:55.014  INFO 13208 --- [Eureka-EvictionTimer] c.n.e.registry.AbstractInstanceRegistry  : Running the evict task with compensationTime 0ms
2019-11-03 12:09:55.014  INFO 13208 --- [Eureka-EvictionTimer] c.n.e.registry.AbstractInstanceRegistry  : Running the evict task with compensationTime 0ms
2019-11-03 12:10:55.015  INFO 13208 --- [Eureka-EvictionTimer] c.n.e.registry.AbstractInstanceRegistry  : Running the evict task with compensationTime 0ms
2019-11-03 12:11:55.015  INFO 13208 --- [Eureka-EvictionTimer] c.n.e.registry.AbstractInstanceRegistry  : Running the evict task with compensationTime 0ms
2019-11-03 12:12:55.016  INFO 13208 --- [Eureka-EvictionTimer] c.n.e.registry.AbstractInstanceRegistry  : Running the evict task with compensationTime 0ms
2019-11-03 12:13:55.016  INFO 13208 --- [Eureka-EvictionTimer] c.n.e.registry.AbstractInstanceRegistry  : Running the evict task with compensationTime 0ms
2019-11-03 12:14:55.017  INFO 13208 --- [Eureka-EvictionTimer] c.n.e.registry.AbstractInstanceRegistry  : Running the evict task with compensationTime 0ms
2019-11-03 12:15:54.766  INFO 13208 --- [ReplicaAwareInstanceRegistry - RenewalThresholdUpdater] c.n.e.r.PeerAwareInstanceRegistryImpl    : Current renewal threshold is : 0
2019-11-03 12:15:55.018  INFO 13208 --- [Eureka-EvictionTimer] c.n.e.registry.AbstractInstanceRegistry  : Running the evict task with compensationTime 1ms
2019-11-03 12:16:55.018  INFO 13208 --- [Eureka-EvictionTimer] c.n.e.registry.AbstractInstanceRegistry  : Running the evict task with compensationTime 0ms
2019-11-03 12:17:55.019  INFO 13208 --- [Eureka-EvictionTimer] c.n.e.registry.AbstractInstanceRegistry  : Running the evict task with compensationTime 0ms
2019-11-03 12:18:55.020  INFO 13208 --- [Eureka-EvictionTimer] c.n.e.registry.AbstractInstanceRegistry  : Running the evict task with compensationTime 0ms
2019-11-03 12:19:55.020  INFO 13208 --- [Eureka-EvictionTimer] c.n.e.registry.AbstractInstanceRegistry  : Running the evict task with compensationTime 0ms
2019-11-03 12:20:55.020  INFO 13208 --- [Eureka-EvictionTimer] c.n.e.registry.AbstractInstanceRegistry  : Running the evict task with compensationTime 0ms
2019-11-03 12:21:55.020  INFO 13208 --- [Eureka-EvictionTimer] c.n.e.registry.AbstractInstanceRegistry  : Running the evict task with compensationTime 0ms
2019-11-03 12:22:55.021  INFO 13208 --- [Eureka-EvictionTimer] c.n.e.registry.AbstractInstanceRegistry  : Running the evict task with compensationTime 0ms
2019-11-03 12:23:55.021  INFO 13208 --- [Eureka-EvictionTimer] c.n.e.registry.AbstractInstanceRegistry  : Running the evict task with compensationTime 0ms
2019-11-03 12:24:55.021  INFO 13208 --- [Eureka-EvictionTimer] c.n.e.registry.AbstractInstanceRegistry  : Running the evict task with compensationTime 0ms
2019-11-03 12:25:55.022  INFO 13208 --- [Eureka-EvictionTimer] c.n.e.registry.AbstractInstanceRegistry  : Running the evict task with compensationTime 0ms
2019-11-03 12:26:55.022  INFO 13208 --- [Eureka-EvictionTimer] c.n.e.registry.AbstractInstanceRegistry  : Running the evict task with compensationTime 0ms
2019-11-03 12:27:55.022  INFO 13208 --- [Eureka-EvictionTimer] c.n.e.registry.AbstractInstanceRegistry  : Running the evict task with compensationTime 0ms
2019-11-03 12:28:55.023  INFO 13208 --- [Eureka-EvictionTimer] c.n.e.registry.AbstractInstanceRegistry  : Running the evict task with compensationTime 0ms
2019-11-03 12:29:55.023  INFO 13208 --- [Eureka-EvictionTimer] c.n.e.registry.AbstractInstanceRegistry  : Running the evict task with compensationTime 0ms
2019-11-03 12:30:54.766  INFO 13208 --- [ReplicaAwareInstanceRegistry - RenewalThresholdUpdater] c.n.e.r.PeerAwareInstanceRegistryImpl    : Current renewal threshold is : 0
2019-11-03 12:30:55.024  INFO 13208 --- [Eureka-EvictionTimer] c.n.e.registry.AbstractInstanceRegistry  : Running the evict task with compensationTime 0ms
2019-11-03 12:31:55.025  INFO 13208 --- [Eureka-EvictionTimer] c.n.e.registry.AbstractInstanceRegistry  : Running the evict task with compensationTime 0ms
2019-11-03 12:32:55.025  INFO 13208 --- [Eureka-EvictionTimer] c.n.e.registry.AbstractInstanceRegistry  : Running the evict task with compensationTime 0ms
2019-11-03 12:33:55.026  INFO 13208 --- [Eureka-EvictionTimer] c.n.e.registry.AbstractInstanceRegistry  : Running the evict task with compensationTime 0ms
2019-11-03 12:34:55.026  INFO 13208 --- [Eureka-EvictionTimer] c.n.e.registry.AbstractInstanceRegistry  : Running the evict task with compensationTime 0ms
2019-11-03 12:35:55.027  INFO 13208 --- [Eureka-EvictionTimer] c.n.e.registry.AbstractInstanceRegistry  : Running the evict task with compensationTime 0ms
2019-11-03 12:36:55.028  INFO 13208 --- [Eureka-EvictionTimer] c.n.e.registry.AbstractInstanceRegistry  : Running the evict task with compensationTime 0ms
2019-11-03 12:37:55.029  INFO 13208 --- [Eureka-EvictionTimer] c.n.e.registry.AbstractInstanceRegistry  : Running the evict task with compensationTime 0ms
2019-11-03 12:38:55.029  INFO 13208 --- [Eureka-EvictionTimer] c.n.e.registry.AbstractInstanceRegistry  : Running the evict task with compensationTime 0ms
2019-11-03 12:39:55.029  INFO 13208 --- [Eureka-EvictionTimer] c.n.e.registry.AbstractInstanceRegistry  : Running the evict task with compensationTime 0ms
2019-11-03 12:40:55.030  INFO 13208 --- [Eureka-EvictionTimer] c.n.e.registry.AbstractInstanceRegistry  : Running the evict task with compensationTime 0ms
2019-11-03 12:41:55.031  INFO 13208 --- [Eureka-EvictionTimer] c.n.e.registry.AbstractInstanceRegistry  : Running the evict task with compensationTime 0ms
2019-11-03 12:42:55.032  INFO 13208 --- [Eureka-EvictionTimer] c.n.e.registry.AbstractInstanceRegistry  : Running the evict task with compensationTime 0ms
2019-11-03 12:43:55.033  INFO 13208 --- [Eureka-EvictionTimer] c.n.e.registry.AbstractInstanceRegistry  : Running the evict task with compensationTime 0ms
2019-11-03 12:44:55.033  INFO 13208 --- [Eureka-EvictionTimer] c.n.e.registry.AbstractInstanceRegistry  : Running the evict task with compensationTime 0ms
2019-11-03 12:45:54.767  INFO 13208 --- [ReplicaAwareInstanceRegistry - RenewalThresholdUpdater] c.n.e.r.PeerAwareInstanceRegistryImpl    : Current renewal threshold is : 0
2019-11-03 12:45:55.033  INFO 13208 --- [Eureka-EvictionTimer] c.n.e.registry.AbstractInstanceRegistry  : Running the evict task with compensationTime 0ms
2019-11-03 12:46:55.034  INFO 13208 --- [Eureka-EvictionTimer] c.n.e.registry.AbstractInstanceRegistry  : Running the evict task with compensationTime 0ms
2019-11-03 12:47:55.035  INFO 13208 --- [Eureka-EvictionTimer] c.n.e.registry.AbstractInstanceRegistry  : Running the evict task with compensationTime 0ms
2019-11-03 12:48:55.036  INFO 13208 --- [Eureka-EvictionTimer] c.n.e.registry.AbstractInstanceRegistry  : Running the evict task with compensationTime 0ms
2019-11-03 12:49:55.037  INFO 13208 --- [Eureka-EvictionTimer] c.n.e.registry.AbstractInstanceRegistry  : Running the evict task with compensationTime 0ms
2019-11-03 12:50:55.037  INFO 13208 --- [Eureka-EvictionTimer] c.n.e.registry.AbstractInstanceRegistry  : Running the evict task with compensationTime 0ms
2019-11-03 12:51:55.037  INFO 13208 --- [Eureka-EvictionTimer] c.n.e.registry.AbstractInstanceRegistry  : Running the evict task with compensationTime 0ms
2019-11-03 12:52:55.038  INFO 13208 --- [Eureka-EvictionTimer] c.n.e.registry.AbstractInstanceRegistry  : Running the evict task with compensationTime 0ms
2019-11-03 12:53:55.038  INFO 13208 --- [Eureka-EvictionTimer] c.n.e.registry.AbstractInstanceRegistry  : Running the evict task with compensationTime 0ms
2019-11-03 12:54:55.039  INFO 13208 --- [Eureka-EvictionTimer] c.n.e.registry.AbstractInstanceRegistry  : Running the evict task with compensationTime 0ms
2019-11-03 12:55:55.039  INFO 13208 --- [Eureka-EvictionTimer] c.n.e.registry.AbstractInstanceRegistry  : Running the evict task with compensationTime 0ms
2019-11-03 12:56:55.040  INFO 13208 --- [Eureka-EvictionTimer] c.n.e.registry.AbstractInstanceRegistry  : Running the evict task with compensationTime 0ms
2019-11-03 12:57:55.040  INFO 13208 --- [Eureka-EvictionTimer] c.n.e.registry.AbstractInstanceRegistry  : Running the evict task with compensationTime 0ms
2019-11-03 12:58:55.041  INFO 13208 --- [Eureka-EvictionTimer] c.n.e.registry.AbstractInstanceRegistry  : Running the evict task with compensationTime 0ms
2019-11-03 12:59:55.052  INFO 13208 --- [Eureka-EvictionTimer] c.n.e.registry.AbstractInstanceRegistry  : Running the evict task with compensationTime 10ms
2019-11-03 13:00:54.768  INFO 13208 --- [ReplicaAwareInstanceRegistry - RenewalThresholdUpdater] c.n.e.r.PeerAwareInstanceRegistryImpl    : Current renewal threshold is : 0
2019-11-03 13:00:55.053  INFO 13208 --- [Eureka-EvictionTimer] c.n.e.registry.AbstractInstanceRegistry  : Running the evict task with compensationTime 1ms
