2019-11-03 13:54:22.972  INFO 18372 --- [main] com.itcast.CH1112GatewayApplication      : The following profiles are active: prod,gatewaypeer1
2019-11-03 13:54:24.175  INFO 18372 --- [main] .s.d.r.c.RepositoryConfigurationDelegate : Multiple Spring Data modules found, entering strict repository configuration mode!
2019-11-03 13:54:24.178  INFO 18372 --- [main] .s.d.r.c.RepositoryConfigurationDelegate : Bootstrapping Spring Data repositories in DEFAULT mode.
2019-11-03 13:54:24.207  INFO 18372 --- [main] .s.d.r.c.RepositoryConfigurationDelegate : Finished Spring Data repository scanning in 13ms. Found 0 repository interfaces.
2019-11-03 13:54:24.287  WARN 18372 --- [main] o.s.boot.actuate.endpoint.EndpointId     : Endpoint ID 'service-registry' contains invalid characters, please migrate to a valid format.
2019-11-03 13:54:24.552  INFO 18372 --- [main] o.s.cloud.context.scope.GenericScope     : BeanFactory id=0c8d1d63-3697-306a-bb51-d80e0f843993
2019-11-03 13:54:24.696  INFO 18372 --- [main] trationDelegate$BeanPostProcessorChecker : Bean 'org.springframework.cloud.autoconfigure.ConfigurationPropertiesRebinderAutoConfiguration' of type [org.springframework.cloud.autoconfigure.ConfigurationPropertiesRebinderAutoConfiguration$$EnhancerBySpringCGLIB$$5dc0922c] is not eligible for getting processed by all BeanPostProcessors (for example: not eligible for auto-proxying)
2019-11-03 13:54:24.836  WARN 18372 --- [main] c.n.c.sources.URLConfigurationSource     : No URLs will be polled as dynamic configuration sources.
2019-11-03 13:54:24.837  INFO 18372 --- [main] c.n.c.sources.URLConfigurationSource     : To enable URLs as dynamic configuration sources, define System property archaius.configurationSource.additionalUrls or make config.properties available on classpath.
2019-11-03 13:54:24.843  WARN 18372 --- [main] c.n.c.sources.URLConfigurationSource     : No URLs will be polled as dynamic configuration sources.
2019-11-03 13:54:24.843  INFO 18372 --- [main] c.n.c.sources.URLConfigurationSource     : To enable URLs as dynamic configuration sources, define System property archaius.configurationSource.additionalUrls or make config.properties available on classpath.
2019-11-03 13:54:27.060 DEBUG 18372 --- [main] o.s.c.gateway.config.GatewayProperties   : Routes supplied from Gateway Properties: [RouteDefinition{id='order_route', predicates=[PredicateDefinition{name='Path', args={_genkey_0=/order/**}}], filters=[], uri=lb://ITCAST-ORDER, order=0}]
2019-11-03 13:54:27.756  INFO 18372 --- [main] o.s.c.g.r.RouteDefinitionRouteLocator    : Loaded RoutePredicateFactory [After]
2019-11-03 13:54:27.756  INFO 18372 --- [main] o.s.c.g.r.RouteDefinitionRouteLocator    : Loaded RoutePredicateFactory [Before]
2019-11-03 13:54:27.756  INFO 18372 --- [main] o.s.c.g.r.RouteDefinitionRouteLocator    : Loaded RoutePredicateFactory [Between]
2019-11-03 13:54:27.756  INFO 18372 --- [main] o.s.c.g.r.RouteDefinitionRouteLocator    : Loaded RoutePredicateFactory [Cookie]
2019-11-03 13:54:27.757  INFO 18372 --- [main] o.s.c.g.r.RouteDefinitionRouteLocator    : Loaded RoutePredicateFactory [Header]
2019-11-03 13:54:27.757  INFO 18372 --- [main] o.s.c.g.r.RouteDefinitionRouteLocator    : Loaded RoutePredicateFactory [Host]
2019-11-03 13:54:27.757  INFO 18372 --- [main] o.s.c.g.r.RouteDefinitionRouteLocator    : Loaded RoutePredicateFactory [Method]
2019-11-03 13:54:27.757  INFO 18372 --- [main] o.s.c.g.r.RouteDefinitionRouteLocator    : Loaded RoutePredicateFactory [Path]
2019-11-03 13:54:27.757  INFO 18372 --- [main] o.s.c.g.r.RouteDefinitionRouteLocator    : Loaded RoutePredicateFactory [Query]
2019-11-03 13:54:27.757  INFO 18372 --- [main] o.s.c.g.r.RouteDefinitionRouteLocator    : Loaded RoutePredicateFactory [ReadBodyPredicateFactory]
2019-11-03 13:54:27.757  INFO 18372 --- [main] o.s.c.g.r.RouteDefinitionRouteLocator    : Loaded RoutePredicateFactory [RemoteAddr]
2019-11-03 13:54:27.757  INFO 18372 --- [main] o.s.c.g.r.RouteDefinitionRouteLocator    : Loaded RoutePredicateFactory [Weight]
2019-11-03 13:54:27.757  INFO 18372 --- [main] o.s.c.g.r.RouteDefinitionRouteLocator    : Loaded RoutePredicateFactory [CloudFoundryRouteService]
2019-11-03 13:54:27.865 DEBUG 18372 --- [main] o.s.w.r.handler.SimpleUrlHandlerMapping  : Patterns [/webjars/**, /**] in 'resourceHandlerMapping'
2019-11-03 13:54:28.141  INFO 18372 --- [main] o.s.b.a.e.web.EndpointLinksResolver      : Exposing 2 endpoint(s) beneath base path '/actuator'
2019-11-03 13:54:28.224 DEBUG 18372 --- [main] o.s.w.r.r.m.a.ControllerMethodResolver   : ControllerAdvice beans: none
2019-11-03 13:54:28.734  INFO 18372 --- [main] o.s.c.n.eureka.InstanceInfoFactory       : Setting initial instance status as: STARTING
2019-11-03 13:54:29.024  INFO 18372 --- [main] com.netflix.discovery.DiscoveryClient    : Initializing Eureka in region us-east-1
2019-11-03 13:54:29.695  INFO 18372 --- [main] c.n.d.provider.DiscoveryJerseyProvider   : Using JSON encoding codec LegacyJacksonJson
2019-11-03 13:54:29.696  INFO 18372 --- [main] c.n.d.provider.DiscoveryJerseyProvider   : Using JSON decoding codec LegacyJacksonJson
2019-11-03 13:54:29.853  INFO 18372 --- [main] c.n.d.provider.DiscoveryJerseyProvider   : Using XML encoding codec XStreamXml
2019-11-03 13:54:29.853  INFO 18372 --- [main] c.n.d.provider.DiscoveryJerseyProvider   : Using XML decoding codec XStreamXml
2019-11-03 13:54:31.896  INFO 18372 --- [main] c.n.d.s.r.aws.ConfigClusterResolver      : Resolving eureka endpoints via configuration
2019-11-03 13:54:34.678  INFO 18372 --- [main] com.netflix.discovery.DiscoveryClient    : Disable delta property : false
2019-11-03 13:54:34.678  INFO 18372 --- [main] com.netflix.discovery.DiscoveryClient    : Single vip registry refresh property : null
2019-11-03 13:54:34.678  INFO 18372 --- [main] com.netflix.discovery.DiscoveryClient    : Force full registry fetch : false
2019-11-03 13:54:34.679  INFO 18372 --- [main] com.netflix.discovery.DiscoveryClient    : Application is null : false
2019-11-03 13:54:34.679  INFO 18372 --- [main] com.netflix.discovery.DiscoveryClient    : Registered Applications size is zero : true
2019-11-03 13:54:34.679  INFO 18372 --- [main] com.netflix.discovery.DiscoveryClient    : Application version is -1: true
2019-11-03 13:54:34.680  INFO 18372 --- [main] com.netflix.discovery.DiscoveryClient    : Getting all instance registry info from the eureka server
2019-11-03 13:54:35.122  INFO 18372 --- [main] com.netflix.discovery.DiscoveryClient    : The response status is 200
2019-11-03 13:54:35.128  INFO 18372 --- [main] com.netflix.discovery.DiscoveryClient    : Starting heartbeat executor: renew interval is: 30
2019-11-03 13:54:35.133  INFO 18372 --- [main] c.n.discovery.InstanceInfoReplicator     : InstanceInfoReplicator onDemand update allowed rate per min is 4
2019-11-03 13:54:35.138  INFO 18372 --- [main] com.netflix.discovery.DiscoveryClient    : Discovery Client initialized at timestamp 1572760475137 with initial instances count: 3
2019-11-03 13:54:35.140  INFO 18372 --- [main] o.s.c.n.e.s.EurekaServiceRegistry        : Registering application ITCAST-GATEWAY with eureka with status UP
2019-11-03 13:54:35.141  INFO 18372 --- [main] com.netflix.discovery.DiscoveryClient    : Saw local status change event StatusChangeEvent [timestamp=1572760475141, current=UP, previous=STARTING]
2019-11-03 13:54:35.143  INFO 18372 --- [DiscoveryClient-InstanceInfoReplicator-0] com.netflix.discovery.DiscoveryClient    : DiscoveryClient_ITCAST-GATEWAY/192.168.0.104:7000: registering service...
2019-11-03 13:54:35.196  INFO 18372 --- [DiscoveryClient-InstanceInfoReplicator-0] com.netflix.discovery.DiscoveryClient    : DiscoveryClient_ITCAST-GATEWAY/192.168.0.104:7000 - registration status: 204
2019-11-03 13:54:35.983  INFO 18372 --- [main] o.s.b.web.embedded.netty.NettyWebServer  : Netty started on port(s): 7000
2019-11-03 13:54:35.986  INFO 18372 --- [main] .s.c.n.e.s.EurekaAutoServiceRegistration : Updating port to 7000
2019-11-03 13:54:35.989  INFO 18372 --- [main] com.itcast.CH1112GatewayApplication      : Started CH1112GatewayApplication in 15.78 seconds (JVM running for 17.794)
2019-11-03 13:54:36.534  INFO 18372 --- [RMI TCP Connection(3)-192.168.0.104] io.lettuce.core.EpollProvider            : Starting without optional epoll library
2019-11-03 13:54:36.541  INFO 18372 --- [RMI TCP Connection(3)-192.168.0.104] io.lettuce.core.KqueueProvider           : Starting without optional kqueue library
2019-11-03 13:54:45.365  INFO 23512 --- [main] com.itcast.CH1112GatewayApplication      : The following profiles are active: prod,gatewaypeer2
2019-11-03 13:54:46.715  INFO 23512 --- [main] .s.d.r.c.RepositoryConfigurationDelegate : Multiple Spring Data modules found, entering strict repository configuration mode!
2019-11-03 13:54:46.719  INFO 23512 --- [main] .s.d.r.c.RepositoryConfigurationDelegate : Bootstrapping Spring Data repositories in DEFAULT mode.
2019-11-03 13:54:46.757  INFO 23512 --- [main] .s.d.r.c.RepositoryConfigurationDelegate : Finished Spring Data repository scanning in 18ms. Found 0 repository interfaces.
2019-11-03 13:54:46.883  WARN 23512 --- [main] o.s.boot.actuate.endpoint.EndpointId     : Endpoint ID 'service-registry' contains invalid characters, please migrate to a valid format.
2019-11-03 13:54:47.419  INFO 23512 --- [main] o.s.cloud.context.scope.GenericScope     : BeanFactory id=0c8d1d63-3697-306a-bb51-d80e0f843993
2019-11-03 13:54:47.646  INFO 23512 --- [main] trationDelegate$BeanPostProcessorChecker : Bean 'org.springframework.cloud.autoconfigure.ConfigurationPropertiesRebinderAutoConfiguration' of type [org.springframework.cloud.autoconfigure.ConfigurationPropertiesRebinderAutoConfiguration$$EnhancerBySpringCGLIB$$8e682f89] is not eligible for getting processed by all BeanPostProcessors (for example: not eligible for auto-proxying)
2019-11-03 13:54:47.977  WARN 23512 --- [main] c.n.c.sources.URLConfigurationSource     : No URLs will be polled as dynamic configuration sources.
2019-11-03 13:54:47.978  INFO 23512 --- [main] c.n.c.sources.URLConfigurationSource     : To enable URLs as dynamic configuration sources, define System property archaius.configurationSource.additionalUrls or make config.properties available on classpath.
2019-11-03 13:54:48.002  WARN 23512 --- [main] c.n.c.sources.URLConfigurationSource     : No URLs will be polled as dynamic configuration sources.
2019-11-03 13:54:48.003  INFO 23512 --- [main] c.n.c.sources.URLConfigurationSource     : To enable URLs as dynamic configuration sources, define System property archaius.configurationSource.additionalUrls or make config.properties available on classpath.
2019-11-03 13:54:50.131  INFO 24052 --- [main] com.itcast.CH1112GatewayApplication      : The following profiles are active: prod,gatewaypeer3
2019-11-03 13:54:50.635 DEBUG 23512 --- [main] o.s.c.gateway.config.GatewayProperties   : Routes supplied from Gateway Properties: [RouteDefinition{id='order_route', predicates=[PredicateDefinition{name='Path', args={_genkey_0=/order/**}}], filters=[], uri=lb://ITCAST-ORDER, order=0}]
2019-11-03 13:54:51.264  INFO 24052 --- [main] .s.d.r.c.RepositoryConfigurationDelegate : Multiple Spring Data modules found, entering strict repository configuration mode!
2019-11-03 13:54:51.266  INFO 24052 --- [main] .s.d.r.c.RepositoryConfigurationDelegate : Bootstrapping Spring Data repositories in DEFAULT mode.
2019-11-03 13:54:51.299  INFO 24052 --- [main] .s.d.r.c.RepositoryConfigurationDelegate : Finished Spring Data repository scanning in 12ms. Found 0 repository interfaces.
2019-11-03 13:54:51.375  WARN 24052 --- [main] o.s.boot.actuate.endpoint.EndpointId     : Endpoint ID 'service-registry' contains invalid characters, please migrate to a valid format.
2019-11-03 13:54:51.496  INFO 23512 --- [main] o.s.c.g.r.RouteDefinitionRouteLocator    : Loaded RoutePredicateFactory [After]
2019-11-03 13:54:51.496  INFO 23512 --- [main] o.s.c.g.r.RouteDefinitionRouteLocator    : Loaded RoutePredicateFactory [Before]
2019-11-03 13:54:51.497  INFO 23512 --- [main] o.s.c.g.r.RouteDefinitionRouteLocator    : Loaded RoutePredicateFactory [Between]
2019-11-03 13:54:51.497  INFO 23512 --- [main] o.s.c.g.r.RouteDefinitionRouteLocator    : Loaded RoutePredicateFactory [Cookie]
2019-11-03 13:54:51.497  INFO 23512 --- [main] o.s.c.g.r.RouteDefinitionRouteLocator    : Loaded RoutePredicateFactory [Header]
2019-11-03 13:54:51.497  INFO 23512 --- [main] o.s.c.g.r.RouteDefinitionRouteLocator    : Loaded RoutePredicateFactory [Host]
2019-11-03 13:54:51.497  INFO 23512 --- [main] o.s.c.g.r.RouteDefinitionRouteLocator    : Loaded RoutePredicateFactory [Method]
2019-11-03 13:54:51.497  INFO 23512 --- [main] o.s.c.g.r.RouteDefinitionRouteLocator    : Loaded RoutePredicateFactory [Path]
2019-11-03 13:54:51.497  INFO 23512 --- [main] o.s.c.g.r.RouteDefinitionRouteLocator    : Loaded RoutePredicateFactory [Query]
2019-11-03 13:54:51.497  INFO 23512 --- [main] o.s.c.g.r.RouteDefinitionRouteLocator    : Loaded RoutePredicateFactory [ReadBodyPredicateFactory]
2019-11-03 13:54:51.497  INFO 23512 --- [main] o.s.c.g.r.RouteDefinitionRouteLocator    : Loaded RoutePredicateFactory [RemoteAddr]
2019-11-03 13:54:51.497  INFO 23512 --- [main] o.s.c.g.r.RouteDefinitionRouteLocator    : Loaded RoutePredicateFactory [Weight]
2019-11-03 13:54:51.497  INFO 23512 --- [main] o.s.c.g.r.RouteDefinitionRouteLocator    : Loaded RoutePredicateFactory [CloudFoundryRouteService]
2019-11-03 13:54:51.641 DEBUG 23512 --- [main] o.s.w.r.handler.SimpleUrlHandlerMapping  : Patterns [/webjars/**, /**] in 'resourceHandlerMapping'
2019-11-03 13:54:51.694  INFO 24052 --- [main] o.s.cloud.context.scope.GenericScope     : BeanFactory id=0c8d1d63-3697-306a-bb51-d80e0f843993
2019-11-03 13:54:51.847  INFO 24052 --- [main] trationDelegate$BeanPostProcessorChecker : Bean 'org.springframework.cloud.autoconfigure.ConfigurationPropertiesRebinderAutoConfiguration' of type [org.springframework.cloud.autoconfigure.ConfigurationPropertiesRebinderAutoConfiguration$$EnhancerBySpringCGLIB$$63a39de8] is not eligible for getting processed by all BeanPostProcessors (for example: not eligible for auto-proxying)
2019-11-03 13:54:51.968  INFO 23512 --- [main] o.s.b.a.e.web.EndpointLinksResolver      : Exposing 2 endpoint(s) beneath base path '/actuator'
2019-11-03 13:54:52.058 DEBUG 23512 --- [main] o.s.w.r.r.m.a.ControllerMethodResolver   : ControllerAdvice beans: none
2019-11-03 13:54:52.061  WARN 24052 --- [main] c.n.c.sources.URLConfigurationSource     : No URLs will be polled as dynamic configuration sources.
2019-11-03 13:54:52.061  INFO 24052 --- [main] c.n.c.sources.URLConfigurationSource     : To enable URLs as dynamic configuration sources, define System property archaius.configurationSource.additionalUrls or make config.properties available on classpath.
2019-11-03 13:54:52.068  WARN 24052 --- [main] c.n.c.sources.URLConfigurationSource     : No URLs will be polled as dynamic configuration sources.
2019-11-03 13:54:52.068  INFO 24052 --- [main] c.n.c.sources.URLConfigurationSource     : To enable URLs as dynamic configuration sources, define System property archaius.configurationSource.additionalUrls or make config.properties available on classpath.
2019-11-03 13:54:52.755  INFO 23512 --- [main] o.s.c.n.eureka.InstanceInfoFactory       : Setting initial instance status as: STARTING
2019-11-03 13:54:52.817  INFO 23512 --- [main] com.netflix.discovery.DiscoveryClient    : Initializing Eureka in region us-east-1
2019-11-03 13:54:53.573  INFO 23512 --- [main] c.n.d.provider.DiscoveryJerseyProvider   : Using JSON encoding codec LegacyJacksonJson
2019-11-03 13:54:53.574  INFO 23512 --- [main] c.n.d.provider.DiscoveryJerseyProvider   : Using JSON decoding codec LegacyJacksonJson
2019-11-03 13:54:53.729  INFO 23512 --- [main] c.n.d.provider.DiscoveryJerseyProvider   : Using XML encoding codec XStreamXml
2019-11-03 13:54:53.729  INFO 23512 --- [main] c.n.d.provider.DiscoveryJerseyProvider   : Using XML decoding codec XStreamXml
2019-11-03 13:54:54.116  INFO 23512 --- [main] c.n.d.s.r.aws.ConfigClusterResolver      : Resolving eureka endpoints via configuration
2019-11-03 13:54:54.557  INFO 23512 --- [main] com.netflix.discovery.DiscoveryClient    : Disable delta property : false
2019-11-03 13:54:54.558  INFO 23512 --- [main] com.netflix.discovery.DiscoveryClient    : Single vip registry refresh property : null
2019-11-03 13:54:54.558  INFO 23512 --- [main] com.netflix.discovery.DiscoveryClient    : Force full registry fetch : false
2019-11-03 13:54:54.558  INFO 23512 --- [main] com.netflix.discovery.DiscoveryClient    : Application is null : false
2019-11-03 13:54:54.558  INFO 23512 --- [main] com.netflix.discovery.DiscoveryClient    : Registered Applications size is zero : true
2019-11-03 13:54:54.558  INFO 23512 --- [main] com.netflix.discovery.DiscoveryClient    : Application version is -1: true
2019-11-03 13:54:54.558  INFO 23512 --- [main] com.netflix.discovery.DiscoveryClient    : Getting all instance registry info from the eureka server
2019-11-03 13:54:54.601 DEBUG 24052 --- [main] o.s.c.gateway.config.GatewayProperties   : Routes supplied from Gateway Properties: [RouteDefinition{id='order_route', predicates=[PredicateDefinition{name='Path', args={_genkey_0=/order/**}}], filters=[], uri=lb://ITCAST-ORDER, order=0}]
2019-11-03 13:54:54.821  INFO 23512 --- [main] com.netflix.discovery.DiscoveryClient    : The response status is 200
2019-11-03 13:54:54.825  INFO 23512 --- [main] com.netflix.discovery.DiscoveryClient    : Starting heartbeat executor: renew interval is: 30
2019-11-03 13:54:54.828  INFO 23512 --- [main] c.n.discovery.InstanceInfoReplicator     : InstanceInfoReplicator onDemand update allowed rate per min is 4
2019-11-03 13:54:54.833  INFO 23512 --- [main] com.netflix.discovery.DiscoveryClient    : Discovery Client initialized at timestamp 1572760494831 with initial instances count: 3
2019-11-03 13:54:54.835  INFO 23512 --- [main] o.s.c.n.e.s.EurekaServiceRegistry        : Registering application ITCAST-GATEWAY with eureka with status UP
2019-11-03 13:54:54.835  INFO 23512 --- [main] com.netflix.discovery.DiscoveryClient    : Saw local status change event StatusChangeEvent [timestamp=1572760494835, current=UP, previous=STARTING]
2019-11-03 13:54:54.837  INFO 23512 --- [DiscoveryClient-InstanceInfoReplicator-0] com.netflix.discovery.DiscoveryClient    : DiscoveryClient_ITCAST-GATEWAY/192.168.0.104:7100: registering service...
2019-11-03 13:54:54.889  INFO 23512 --- [DiscoveryClient-InstanceInfoReplicator-0] com.netflix.discovery.DiscoveryClient    : DiscoveryClient_ITCAST-GATEWAY/192.168.0.104:7100 - registration status: 204
2019-11-03 13:54:55.447  INFO 23512 --- [main] o.s.b.web.embedded.netty.NettyWebServer  : Netty started on port(s): 7100
2019-11-03 13:54:55.449  INFO 23512 --- [main] .s.c.n.e.s.EurekaAutoServiceRegistration : Updating port to 7100
2019-11-03 13:54:55.452  INFO 23512 --- [main] com.itcast.CH1112GatewayApplication      : Started CH1112GatewayApplication in 13.911 seconds (JVM running for 16.112)
2019-11-03 13:54:55.468  INFO 24052 --- [main] o.s.c.g.r.RouteDefinitionRouteLocator    : Loaded RoutePredicateFactory [After]
2019-11-03 13:54:55.468  INFO 24052 --- [main] o.s.c.g.r.RouteDefinitionRouteLocator    : Loaded RoutePredicateFactory [Before]
2019-11-03 13:54:55.468  INFO 24052 --- [main] o.s.c.g.r.RouteDefinitionRouteLocator    : Loaded RoutePredicateFactory [Between]
2019-11-03 13:54:55.468  INFO 24052 --- [main] o.s.c.g.r.RouteDefinitionRouteLocator    : Loaded RoutePredicateFactory [Cookie]
2019-11-03 13:54:55.469  INFO 24052 --- [main] o.s.c.g.r.RouteDefinitionRouteLocator    : Loaded RoutePredicateFactory [Header]
2019-11-03 13:54:55.469  INFO 24052 --- [main] o.s.c.g.r.RouteDefinitionRouteLocator    : Loaded RoutePredicateFactory [Host]
2019-11-03 13:54:55.469  INFO 24052 --- [main] o.s.c.g.r.RouteDefinitionRouteLocator    : Loaded RoutePredicateFactory [Method]
2019-11-03 13:54:55.469  INFO 24052 --- [main] o.s.c.g.r.RouteDefinitionRouteLocator    : Loaded RoutePredicateFactory [Path]
2019-11-03 13:54:55.469  INFO 24052 --- [main] o.s.c.g.r.RouteDefinitionRouteLocator    : Loaded RoutePredicateFactory [Query]
2019-11-03 13:54:55.470  INFO 24052 --- [main] o.s.c.g.r.RouteDefinitionRouteLocator    : Loaded RoutePredicateFactory [ReadBodyPredicateFactory]
2019-11-03 13:54:55.470  INFO 24052 --- [main] o.s.c.g.r.RouteDefinitionRouteLocator    : Loaded RoutePredicateFactory [RemoteAddr]
2019-11-03 13:54:55.470  INFO 24052 --- [main] o.s.c.g.r.RouteDefinitionRouteLocator    : Loaded RoutePredicateFactory [Weight]
2019-11-03 13:54:55.470  INFO 24052 --- [main] o.s.c.g.r.RouteDefinitionRouteLocator    : Loaded RoutePredicateFactory [CloudFoundryRouteService]
2019-11-03 13:54:55.577 DEBUG 24052 --- [main] o.s.w.r.handler.SimpleUrlHandlerMapping  : Patterns [/webjars/**, /**] in 'resourceHandlerMapping'
2019-11-03 13:54:55.907  INFO 24052 --- [main] o.s.b.a.e.web.EndpointLinksResolver      : Exposing 2 endpoint(s) beneath base path '/actuator'
2019-11-03 13:54:56.010 DEBUG 24052 --- [main] o.s.w.r.r.m.a.ControllerMethodResolver   : ControllerAdvice beans: none
2019-11-03 13:54:56.219  INFO 23512 --- [RMI TCP Connection(2)-192.168.0.104] io.lettuce.core.EpollProvider            : Starting without optional epoll library
2019-11-03 13:54:56.222  INFO 23512 --- [RMI TCP Connection(2)-192.168.0.104] io.lettuce.core.KqueueProvider           : Starting without optional kqueue library
2019-11-03 13:54:56.767  INFO 24052 --- [main] o.s.c.n.eureka.InstanceInfoFactory       : Setting initial instance status as: STARTING
2019-11-03 13:54:56.854  INFO 24052 --- [main] com.netflix.discovery.DiscoveryClient    : Initializing Eureka in region us-east-1
2019-11-03 13:54:57.510  INFO 24052 --- [main] c.n.d.provider.DiscoveryJerseyProvider   : Using JSON encoding codec LegacyJacksonJson
2019-11-03 13:54:57.511  INFO 24052 --- [main] c.n.d.provider.DiscoveryJerseyProvider   : Using JSON decoding codec LegacyJacksonJson
2019-11-03 13:54:57.674  INFO 24052 --- [main] c.n.d.provider.DiscoveryJerseyProvider   : Using XML encoding codec XStreamXml
2019-11-03 13:54:57.674  INFO 24052 --- [main] c.n.d.provider.DiscoveryJerseyProvider   : Using XML decoding codec XStreamXml
2019-11-03 13:54:58.137  INFO 24052 --- [main] c.n.d.s.r.aws.ConfigClusterResolver      : Resolving eureka endpoints via configuration
2019-11-03 13:54:58.728  INFO 24052 --- [main] com.netflix.discovery.DiscoveryClient    : Disable delta property : false
2019-11-03 13:54:58.728  INFO 24052 --- [main] com.netflix.discovery.DiscoveryClient    : Single vip registry refresh property : null
2019-11-03 13:54:58.729  INFO 24052 --- [main] com.netflix.discovery.DiscoveryClient    : Force full registry fetch : false
2019-11-03 13:54:58.729  INFO 24052 --- [main] com.netflix.discovery.DiscoveryClient    : Application is null : false
2019-11-03 13:54:58.729  INFO 24052 --- [main] com.netflix.discovery.DiscoveryClient    : Registered Applications size is zero : true
2019-11-03 13:54:58.729  INFO 24052 --- [main] com.netflix.discovery.DiscoveryClient    : Application version is -1: true
2019-11-03 13:54:58.729  INFO 24052 --- [main] com.netflix.discovery.DiscoveryClient    : Getting all instance registry info from the eureka server
2019-11-03 13:54:59.014  INFO 24052 --- [main] com.netflix.discovery.DiscoveryClient    : The response status is 200
2019-11-03 13:54:59.018  INFO 24052 --- [main] com.netflix.discovery.DiscoveryClient    : Starting heartbeat executor: renew interval is: 30
2019-11-03 13:54:59.026  INFO 24052 --- [main] c.n.discovery.InstanceInfoReplicator     : InstanceInfoReplicator onDemand update allowed rate per min is 4
2019-11-03 13:54:59.032  INFO 24052 --- [main] com.netflix.discovery.DiscoveryClient    : Discovery Client initialized at timestamp 1572760499030 with initial instances count: 3
2019-11-03 13:54:59.034  INFO 24052 --- [main] o.s.c.n.e.s.EurekaServiceRegistry        : Registering application ITCAST-GATEWAY with eureka with status UP
2019-11-03 13:54:59.037  INFO 24052 --- [main] com.netflix.discovery.DiscoveryClient    : Saw local status change event StatusChangeEvent [timestamp=1572760499036, current=UP, previous=STARTING]
2019-11-03 13:54:59.040  INFO 24052 --- [DiscoveryClient-InstanceInfoReplicator-0] com.netflix.discovery.DiscoveryClient    : DiscoveryClient_ITCAST-GATEWAY/192.168.0.104:7200: registering service...
2019-11-03 13:54:59.103  INFO 24052 --- [DiscoveryClient-InstanceInfoReplicator-0] com.netflix.discovery.DiscoveryClient    : DiscoveryClient_ITCAST-GATEWAY/192.168.0.104:7200 - registration status: 204
2019-11-03 13:54:59.703  INFO 24052 --- [main] o.s.b.web.embedded.netty.NettyWebServer  : Netty started on port(s): 7200
2019-11-03 13:54:59.705  INFO 24052 --- [main] .s.c.n.e.s.EurekaAutoServiceRegistration : Updating port to 7200
2019-11-03 13:54:59.707  INFO 24052 --- [main] com.itcast.CH1112GatewayApplication      : Started CH1112GatewayApplication in 12.958 seconds (JVM running for 15.117)
2019-11-03 13:55:00.941  INFO 24052 --- [RMI TCP Connection(5)-192.168.0.104] io.lettuce.core.EpollProvider            : Starting without optional epoll library
2019-11-03 13:55:00.945  INFO 24052 --- [RMI TCP Connection(5)-192.168.0.104] io.lettuce.core.KqueueProvider           : Starting without optional kqueue library
2019-11-03 13:59:34.686  INFO 18372 --- [AsyncResolver-bootstrap-executor-0] c.n.d.s.r.aws.ConfigClusterResolver      : Resolving eureka endpoints via configuration
2019-11-03 13:59:54.561  INFO 23512 --- [AsyncResolver-bootstrap-executor-0] c.n.d.s.r.aws.ConfigClusterResolver      : Resolving eureka endpoints via configuration
2019-11-03 13:59:58.734  INFO 24052 --- [AsyncResolver-bootstrap-executor-0] c.n.d.s.r.aws.ConfigClusterResolver      : Resolving eureka endpoints via configuration
2019-11-03 14:04:34.687  INFO 18372 --- [AsyncResolver-bootstrap-executor-0] c.n.d.s.r.aws.ConfigClusterResolver      : Resolving eureka endpoints via configuration
2019-11-03 14:04:54.562  INFO 23512 --- [AsyncResolver-bootstrap-executor-0] c.n.d.s.r.aws.ConfigClusterResolver      : Resolving eureka endpoints via configuration
2019-11-03 14:04:58.735  INFO 24052 --- [AsyncResolver-bootstrap-executor-0] c.n.d.s.r.aws.ConfigClusterResolver      : Resolving eureka endpoints via configuration
2019-11-03 14:09:34.689  INFO 18372 --- [AsyncResolver-bootstrap-executor-0] c.n.d.s.r.aws.ConfigClusterResolver      : Resolving eureka endpoints via configuration
2019-11-03 14:09:54.563  INFO 23512 --- [AsyncResolver-bootstrap-executor-0] c.n.d.s.r.aws.ConfigClusterResolver      : Resolving eureka endpoints via configuration
2019-11-03 14:09:58.738  INFO 24052 --- [AsyncResolver-bootstrap-executor-0] c.n.d.s.r.aws.ConfigClusterResolver      : Resolving eureka endpoints via configuration
2019-11-03 14:14:11.446 TRACE 18372 --- [reactor-http-nio-2] o.s.c.g.f.WeightCalculatorWebFilter      : Weights attr: {}
2019-11-03 14:14:11.620 DEBUG 18372 --- [reactor-http-nio-2] o.s.c.g.r.RouteDefinitionRouteLocator    : RouteDefinition CompositeDiscoveryClient_ITCAST-EUREKA applying {pattern=/ITCAST-EUREKA/**} to Path
2019-11-03 14:14:11.631 DEBUG 18372 --- [reactor-http-nio-2] o.s.c.g.r.RouteDefinitionRouteLocator    : RouteDefinition CompositeDiscoveryClient_ITCAST-EUREKA applying filter {regexp=/ITCAST-EUREKA/(?<remaining>.*), replacement=/${remaining}} to RewritePath
2019-11-03 14:14:11.641 DEBUG 18372 --- [reactor-http-nio-2] o.s.c.g.r.RouteDefinitionRouteLocator    : RouteDefinition matched: CompositeDiscoveryClient_ITCAST-EUREKA
2019-11-03 14:14:11.643 DEBUG 18372 --- [reactor-http-nio-2] o.s.c.g.r.RouteDefinitionRouteLocator    : RouteDefinition CompositeDiscoveryClient_ITCAST-GATEWAY applying {pattern=/ITCAST-GATEWAY/**} to Path
2019-11-03 14:14:11.646 DEBUG 18372 --- [reactor-http-nio-2] o.s.c.g.r.RouteDefinitionRouteLocator    : RouteDefinition CompositeDiscoveryClient_ITCAST-GATEWAY applying filter {regexp=/ITCAST-GATEWAY/(?<remaining>.*), replacement=/${remaining}} to RewritePath
2019-11-03 14:14:11.646 DEBUG 18372 --- [reactor-http-nio-2] o.s.c.g.r.RouteDefinitionRouteLocator    : RouteDefinition matched: CompositeDiscoveryClient_ITCAST-GATEWAY
2019-11-03 14:14:11.647 DEBUG 18372 --- [reactor-http-nio-2] o.s.c.g.r.RouteDefinitionRouteLocator    : RouteDefinition CompositeDiscoveryClient_ITCAST-ORDER applying {pattern=/ITCAST-ORDER/**} to Path
2019-11-03 14:14:11.649 DEBUG 18372 --- [reactor-http-nio-2] o.s.c.g.r.RouteDefinitionRouteLocator    : RouteDefinition CompositeDiscoveryClient_ITCAST-ORDER applying filter {regexp=/ITCAST-ORDER/(?<remaining>.*), replacement=/${remaining}} to RewritePath
2019-11-03 14:14:11.651 DEBUG 18372 --- [reactor-http-nio-2] o.s.c.g.r.RouteDefinitionRouteLocator    : RouteDefinition matched: CompositeDiscoveryClient_ITCAST-ORDER
2019-11-03 14:14:11.652 DEBUG 18372 --- [reactor-http-nio-2] o.s.c.g.r.RouteDefinitionRouteLocator    : RouteDefinition order_route applying {_genkey_0=/order/**} to Path
2019-11-03 14:14:11.653 DEBUG 18372 --- [reactor-http-nio-2] o.s.c.g.r.RouteDefinitionRouteLocator    : RouteDefinition matched: order_route
2019-11-03 14:14:11.659 TRACE 18372 --- [reactor-http-nio-2] o.s.c.g.h.p.RoutePredicateFactory        : Pattern "[/ITCAST-EUREKA/**]" does not match against value "/order/findByOrderId"
2019-11-03 14:14:11.659 TRACE 18372 --- [reactor-http-nio-2] o.s.c.g.h.p.RoutePredicateFactory        : Pattern "[/ITCAST-GATEWAY/**]" does not match against value "/order/findByOrderId"
2019-11-03 14:14:11.659 TRACE 18372 --- [reactor-http-nio-2] o.s.c.g.h.p.RoutePredicateFactory        : Pattern "[/ITCAST-ORDER/**]" does not match against value "/order/findByOrderId"
2019-11-03 14:14:11.665 TRACE 18372 --- [reactor-http-nio-2] o.s.c.g.h.p.RoutePredicateFactory        : Pattern "/order/**" matches against value "/order/findByOrderId"
2019-11-03 14:14:11.666 DEBUG 18372 --- [reactor-http-nio-2] o.s.c.g.h.RoutePredicateHandlerMapping   : Route matched: order_route
2019-11-03 14:14:11.666 DEBUG 18372 --- [reactor-http-nio-2] o.s.c.g.h.RoutePredicateHandlerMapping   : Mapping [Exchange: POST http://backServer/order/findByOrderId] to Route{id='order_route', uri=lb://ITCAST-ORDER, order=0, predicate=org.springframework.cloud.gateway.support.ServerWebExchangeUtils$$Lambda$852/1826882980@695ed8c8, gatewayFilters=[]}
2019-11-03 14:14:11.666 DEBUG 18372 --- [reactor-http-nio-2] o.s.c.g.h.RoutePredicateHandlerMapping   : [fe1b9de3] Mapped to org.springframework.cloud.gateway.handler.FilteringWebHandler@79bbbd14
2019-11-03 14:14:11.667 DEBUG 18372 --- [reactor-http-nio-2] o.s.c.g.handler.FilteringWebHandler      : Sorted gatewayFilterFactories: [OrderedGatewayFilter{delegate=GatewayFilterAdapter{delegate=org.springframework.cloud.gateway.filter.AdaptCachedBodyGlobalFilter@32faa16c}, order=-2147482648}, OrderedGatewayFilter{delegate=GatewayFilterAdapter{delegate=org.springframework.cloud.gateway.filter.GatewayMetricsFilter@20d33ea}, order=-2147473648}, OrderedGatewayFilter{delegate=GatewayFilterAdapter{delegate=org.springframework.cloud.gateway.filter.NettyWriteResponseFilter@5503de1}, order=-1}, OrderedGatewayFilter{delegate=GatewayFilterAdapter{delegate=org.springframework.cloud.gateway.filter.ForwardPathFilter@2f80cb79}, order=0}, OrderedGatewayFilter{delegate=GatewayFilterAdapter{delegate=org.springframework.cloud.gateway.filter.RouteToRequestUrlFilter@343fddd9}, order=10000}, OrderedGatewayFilter{delegate=GatewayFilterAdapter{delegate=org.springframework.cloud.gateway.filter.LoadBalancerClientFilter@6fcd31c3}, order=10100}, OrderedGatewayFilter{delegate=GatewayFilterAdapter{delegate=org.springframework.cloud.gateway.filter.WebsocketRoutingFilter@4816ee24}, order=2147483646}, OrderedGatewayFilter{delegate=GatewayFilterAdapter{delegate=org.springframework.cloud.gateway.filter.NettyRoutingFilter@67bf0480}, order=2147483647}, OrderedGatewayFilter{delegate=GatewayFilterAdapter{delegate=org.springframework.cloud.gateway.filter.ForwardRoutingFilter@2bbb44da}, order=2147483647}]
2019-11-03 14:14:11.669 TRACE 18372 --- [reactor-http-nio-2] o.s.c.g.filter.RouteToRequestUrlFilter   : RouteToRequestUrlFilter start
2019-11-03 14:14:11.681 TRACE 18372 --- [reactor-http-nio-2] o.s.c.g.filter.LoadBalancerClientFilter  : LoadBalancerClientFilter url before: lb://ITCAST-ORDER/order/findByOrderId
2019-11-03 14:14:12.411  INFO 18372 --- [reactor-http-nio-2] c.netflix.config.ChainedDynamicProperty  : Flipping property: ITCAST-ORDER.ribbon.ActiveConnectionsLimit to use NEXT property: niws.loadbalancer.availabilityFilteringRule.activeConnectionsLimit = 2147483647
2019-11-03 14:14:12.487  INFO 18372 --- [reactor-http-nio-2] c.n.u.concurrent.ShutdownEnabledTimer    : Shutdown hook installed for: NFLoadBalancer-PingTimer-ITCAST-ORDER
2019-11-03 14:14:12.487  INFO 18372 --- [reactor-http-nio-2] c.netflix.loadbalancer.BaseLoadBalancer  : Client: ITCAST-ORDER instantiated a LoadBalancer: DynamicServerListLoadBalancer:{NFLoadBalancer:name=ITCAST-ORDER,current list of Servers=[],Load balancer stats=Zone stats: {},Server stats: []}ServerList:null
2019-11-03 14:14:12.514  INFO 18372 --- [reactor-http-nio-2] c.n.l.DynamicServerListLoadBalancer      : Using serverListUpdater PollingServerListUpdater
2019-11-03 14:14:12.565  INFO 18372 --- [reactor-http-nio-2] c.netflix.config.ChainedDynamicProperty  : Flipping property: ITCAST-ORDER.ribbon.ActiveConnectionsLimit to use NEXT property: niws.loadbalancer.availabilityFilteringRule.activeConnectionsLimit = 2147483647
2019-11-03 14:14:12.569  INFO 18372 --- [reactor-http-nio-2] c.n.l.DynamicServerListLoadBalancer      : DynamicServerListLoadBalancer for client ITCAST-ORDER initialized: DynamicServerListLoadBalancer:{NFLoadBalancer:name=ITCAST-ORDER,current list of Servers=[192.168.0.104:8100, 192.168.0.104:8300, 192.168.0.104:8200],Load balancer stats=Zone stats: {defaultzone=[Zone:defaultzone;	Instance count:3;	Active connections count: 0;	Circuit breaker tripped count: 0;	Active connections per server: 0.0;]
},Server stats: [[Server:192.168.0.104:8300;	Zone:defaultZone;	Total Requests:0;	Successive connection failure:0;	Total blackout seconds:0;	Last connection made:Thu Jan 01 08:00:00 CST 1970;	First connection made: Thu Jan 01 08:00:00 CST 1970;	Active Connections:0;	total failure count in last (1000) msecs:0;	average resp time:0.0;	90 percentile resp time:0.0;	95 percentile resp time:0.0;	min resp time:0.0;	max resp time:0.0;	stddev resp time:0.0]
, [Server:192.168.0.104:8100;	Zone:defaultZone;	Total Requests:0;	Successive connection failure:0;	Total blackout seconds:0;	Last connection made:Thu Jan 01 08:00:00 CST 1970;	First connection made: Thu Jan 01 08:00:00 CST 1970;	Active Connections:0;	total failure count in last (1000) msecs:0;	average resp time:0.0;	90 percentile resp time:0.0;	95 percentile resp time:0.0;	min resp time:0.0;	max resp time:0.0;	stddev resp time:0.0]
, [Server:192.168.0.104:8200;	Zone:defaultZone;	Total Requests:0;	Successive connection failure:0;	Total blackout seconds:0;	Last connection made:Thu Jan 01 08:00:00 CST 1970;	First connection made: Thu Jan 01 08:00:00 CST 1970;	Active Connections:0;	total failure count in last (1000) msecs:0;	average resp time:0.0;	90 percentile resp time:0.0;	95 percentile resp time:0.0;	min resp time:0.0;	max resp time:0.0;	stddev resp time:0.0]
]}ServerList:org.springframework.cloud.netflix.ribbon.eureka.DomainExtractingServerList@7a8e6e40
2019-11-03 14:14:12.614 TRACE 18372 --- [reactor-http-nio-2] o.s.c.g.filter.LoadBalancerClientFilter  : LoadBalancerClientFilter url chosen: http://192.168.0.104:8100/order/findByOrderId
2019-11-03 14:14:13.521  INFO 18372 --- [PollingServerListUpdater-0] c.netflix.config.ChainedDynamicProperty  : Flipping property: ITCAST-ORDER.ribbon.ActiveConnectionsLimit to use NEXT property: niws.loadbalancer.availabilityFilteringRule.activeConnectionsLimit = 2147483647
2019-11-03 14:14:15.644 TRACE 18372 --- [reactor-http-nio-6] o.s.c.g.filter.NettyWriteResponseFilter  : NettyWriteResponseFilter start
2019-11-03 14:14:15.662 TRACE 18372 --- [reactor-http-nio-2] o.s.c.g.filter.GatewayMetricsFilter      : Stopping timer 'gateway.requests' with tags [tag(outcome=SERVER_ERROR),tag(routeId=order_route),tag(routeUri=lb://ITCAST-ORDER),tag(status=INTERNAL_SERVER_ERROR)]
2019-11-03 14:14:34.234 TRACE 23512 --- [reactor-http-nio-2] o.s.c.g.f.WeightCalculatorWebFilter      : Weights attr: {}
2019-11-03 14:14:34.299 DEBUG 23512 --- [reactor-http-nio-2] o.s.c.g.r.RouteDefinitionRouteLocator    : RouteDefinition CompositeDiscoveryClient_ITCAST-EUREKA applying {pattern=/ITCAST-EUREKA/**} to Path
2019-11-03 14:14:34.312 DEBUG 23512 --- [reactor-http-nio-2] o.s.c.g.r.RouteDefinitionRouteLocator    : RouteDefinition CompositeDiscoveryClient_ITCAST-EUREKA applying filter {regexp=/ITCAST-EUREKA/(?<remaining>.*), replacement=/${remaining}} to RewritePath
2019-11-03 14:14:34.316 DEBUG 23512 --- [reactor-http-nio-2] o.s.c.g.r.RouteDefinitionRouteLocator    : RouteDefinition matched: CompositeDiscoveryClient_ITCAST-EUREKA
2019-11-03 14:14:34.316 DEBUG 23512 --- [reactor-http-nio-2] o.s.c.g.r.RouteDefinitionRouteLocator    : RouteDefinition CompositeDiscoveryClient_ITCAST-GATEWAY applying {pattern=/ITCAST-GATEWAY/**} to Path
2019-11-03 14:14:34.317 DEBUG 23512 --- [reactor-http-nio-2] o.s.c.g.r.RouteDefinitionRouteLocator    : RouteDefinition CompositeDiscoveryClient_ITCAST-GATEWAY applying filter {regexp=/ITCAST-GATEWAY/(?<remaining>.*), replacement=/${remaining}} to RewritePath
2019-11-03 14:14:34.318 DEBUG 23512 --- [reactor-http-nio-2] o.s.c.g.r.RouteDefinitionRouteLocator    : RouteDefinition matched: CompositeDiscoveryClient_ITCAST-GATEWAY
2019-11-03 14:14:34.319 DEBUG 23512 --- [reactor-http-nio-2] o.s.c.g.r.RouteDefinitionRouteLocator    : RouteDefinition CompositeDiscoveryClient_ITCAST-ORDER applying {pattern=/ITCAST-ORDER/**} to Path
2019-11-03 14:14:34.319 DEBUG 23512 --- [reactor-http-nio-2] o.s.c.g.r.RouteDefinitionRouteLocator    : RouteDefinition CompositeDiscoveryClient_ITCAST-ORDER applying filter {regexp=/ITCAST-ORDER/(?<remaining>.*), replacement=/${remaining}} to RewritePath
2019-11-03 14:14:34.320 DEBUG 23512 --- [reactor-http-nio-2] o.s.c.g.r.RouteDefinitionRouteLocator    : RouteDefinition matched: CompositeDiscoveryClient_ITCAST-ORDER
2019-11-03 14:14:34.320 DEBUG 23512 --- [reactor-http-nio-2] o.s.c.g.r.RouteDefinitionRouteLocator    : RouteDefinition order_route applying {_genkey_0=/order/**} to Path
2019-11-03 14:14:34.321 DEBUG 23512 --- [reactor-http-nio-2] o.s.c.g.r.RouteDefinitionRouteLocator    : RouteDefinition matched: order_route
2019-11-03 14:14:34.324 TRACE 23512 --- [reactor-http-nio-2] o.s.c.g.h.p.RoutePredicateFactory        : Pattern "[/ITCAST-EUREKA/**]" does not match against value "/order/findByOrderId"
2019-11-03 14:14:34.324 TRACE 23512 --- [reactor-http-nio-2] o.s.c.g.h.p.RoutePredicateFactory        : Pattern "[/ITCAST-GATEWAY/**]" does not match against value "/order/findByOrderId"
2019-11-03 14:14:34.324 TRACE 23512 --- [reactor-http-nio-2] o.s.c.g.h.p.RoutePredicateFactory        : Pattern "[/ITCAST-ORDER/**]" does not match against value "/order/findByOrderId"
2019-11-03 14:14:34.329 TRACE 23512 --- [reactor-http-nio-2] o.s.c.g.h.p.RoutePredicateFactory        : Pattern "/order/**" matches against value "/order/findByOrderId"
2019-11-03 14:14:34.330 DEBUG 23512 --- [reactor-http-nio-2] o.s.c.g.h.RoutePredicateHandlerMapping   : Route matched: order_route
2019-11-03 14:14:34.330 DEBUG 23512 --- [reactor-http-nio-2] o.s.c.g.h.RoutePredicateHandlerMapping   : Mapping [Exchange: POST http://backServer/order/findByOrderId] to Route{id='order_route', uri=lb://ITCAST-ORDER, order=0, predicate=org.springframework.cloud.gateway.support.ServerWebExchangeUtils$$Lambda$851/31610308@4f1383b7, gatewayFilters=[]}
2019-11-03 14:14:34.330 DEBUG 23512 --- [reactor-http-nio-2] o.s.c.g.h.RoutePredicateHandlerMapping   : [c0b540fd] Mapped to org.springframework.cloud.gateway.handler.FilteringWebHandler@18939797
2019-11-03 14:14:34.331 DEBUG 23512 --- [reactor-http-nio-2] o.s.c.g.handler.FilteringWebHandler      : Sorted gatewayFilterFactories: [OrderedGatewayFilter{delegate=GatewayFilterAdapter{delegate=org.springframework.cloud.gateway.filter.AdaptCachedBodyGlobalFilter@3d299393}, order=-2147482648}, OrderedGatewayFilter{delegate=GatewayFilterAdapter{delegate=org.springframework.cloud.gateway.filter.GatewayMetricsFilter@1c52552f}, order=-2147473648}, OrderedGatewayFilter{delegate=GatewayFilterAdapter{delegate=org.springframework.cloud.gateway.filter.NettyWriteResponseFilter@4b1ec694}, order=-1}, OrderedGatewayFilter{delegate=GatewayFilterAdapter{delegate=org.springframework.cloud.gateway.filter.ForwardPathFilter@16da1abc}, order=0}, OrderedGatewayFilter{delegate=GatewayFilterAdapter{delegate=org.springframework.cloud.gateway.filter.RouteToRequestUrlFilter@5f34907b}, order=10000}, OrderedGatewayFilter{delegate=GatewayFilterAdapter{delegate=org.springframework.cloud.gateway.filter.LoadBalancerClientFilter@5426cb36}, order=10100}, OrderedGatewayFilter{delegate=GatewayFilterAdapter{delegate=org.springframework.cloud.gateway.filter.WebsocketRoutingFilter@671ea6ff}, order=2147483646}, OrderedGatewayFilter{delegate=GatewayFilterAdapter{delegate=org.springframework.cloud.gateway.filter.NettyRoutingFilter@65e22def}, order=2147483647}, OrderedGatewayFilter{delegate=GatewayFilterAdapter{delegate=org.springframework.cloud.gateway.filter.ForwardRoutingFilter@2b4d4327}, order=2147483647}]
2019-11-03 14:14:34.332 TRACE 23512 --- [reactor-http-nio-2] o.s.c.g.filter.RouteToRequestUrlFilter   : RouteToRequestUrlFilter start
2019-11-03 14:14:34.339 TRACE 23512 --- [reactor-http-nio-2] o.s.c.g.filter.LoadBalancerClientFilter  : LoadBalancerClientFilter url before: lb://ITCAST-ORDER/order/findByOrderId
2019-11-03 14:14:34.690  INFO 18372 --- [AsyncResolver-bootstrap-executor-0] c.n.d.s.r.aws.ConfigClusterResolver      : Resolving eureka endpoints via configuration
2019-11-03 14:14:34.761  INFO 23512 --- [reactor-http-nio-2] c.netflix.config.ChainedDynamicProperty  : Flipping property: ITCAST-ORDER.ribbon.ActiveConnectionsLimit to use NEXT property: niws.loadbalancer.availabilityFilteringRule.activeConnectionsLimit = 2147483647
2019-11-03 14:14:34.819  INFO 23512 --- [reactor-http-nio-2] c.n.u.concurrent.ShutdownEnabledTimer    : Shutdown hook installed for: NFLoadBalancer-PingTimer-ITCAST-ORDER
2019-11-03 14:14:34.820  INFO 23512 --- [reactor-http-nio-2] c.netflix.loadbalancer.BaseLoadBalancer  : Client: ITCAST-ORDER instantiated a LoadBalancer: DynamicServerListLoadBalancer:{NFLoadBalancer:name=ITCAST-ORDER,current list of Servers=[],Load balancer stats=Zone stats: {},Server stats: []}ServerList:null
2019-11-03 14:14:34.828  INFO 23512 --- [reactor-http-nio-2] c.n.l.DynamicServerListLoadBalancer      : Using serverListUpdater PollingServerListUpdater
2019-11-03 14:14:34.861  INFO 23512 --- [reactor-http-nio-2] c.netflix.config.ChainedDynamicProperty  : Flipping property: ITCAST-ORDER.ribbon.ActiveConnectionsLimit to use NEXT property: niws.loadbalancer.availabilityFilteringRule.activeConnectionsLimit = 2147483647
2019-11-03 14:14:34.863  INFO 23512 --- [reactor-http-nio-2] c.n.l.DynamicServerListLoadBalancer      : DynamicServerListLoadBalancer for client ITCAST-ORDER initialized: DynamicServerListLoadBalancer:{NFLoadBalancer:name=ITCAST-ORDER,current list of Servers=[192.168.0.104:8300, 192.168.0.104:8200, 192.168.0.104:8100],Load balancer stats=Zone stats: {defaultzone=[Zone:defaultzone;	Instance count:3;	Active connections count: 0;	Circuit breaker tripped count: 0;	Active connections per server: 0.0;]
},Server stats: [[Server:192.168.0.104:8100;	Zone:defaultZone;	Total Requests:0;	Successive connection failure:0;	Total blackout seconds:0;	Last connection made:Thu Jan 01 08:00:00 CST 1970;	First connection made: Thu Jan 01 08:00:00 CST 1970;	Active Connections:0;	total failure count in last (1000) msecs:0;	average resp time:0.0;	90 percentile resp time:0.0;	95 percentile resp time:0.0;	min resp time:0.0;	max resp time:0.0;	stddev resp time:0.0]
, [Server:192.168.0.104:8300;	Zone:defaultZone;	Total Requests:0;	Successive connection failure:0;	Total blackout seconds:0;	Last connection made:Thu Jan 01 08:00:00 CST 1970;	First connection made: Thu Jan 01 08:00:00 CST 1970;	Active Connections:0;	total failure count in last (1000) msecs:0;	average resp time:0.0;	90 percentile resp time:0.0;	95 percentile resp time:0.0;	min resp time:0.0;	max resp time:0.0;	stddev resp time:0.0]
, [Server:192.168.0.104:8200;	Zone:defaultZone;	Total Requests:0;	Successive connection failure:0;	Total blackout seconds:0;	Last connection made:Thu Jan 01 08:00:00 CST 1970;	First connection made: Thu Jan 01 08:00:00 CST 1970;	Active Connections:0;	total failure count in last (1000) msecs:0;	average resp time:0.0;	90 percentile resp time:0.0;	95 percentile resp time:0.0;	min resp time:0.0;	max resp time:0.0;	stddev resp time:0.0]
]}ServerList:org.springframework.cloud.netflix.ribbon.eureka.DomainExtractingServerList@1746ab99
2019-11-03 14:14:34.895 TRACE 23512 --- [reactor-http-nio-2] o.s.c.g.filter.LoadBalancerClientFilter  : LoadBalancerClientFilter url chosen: http://192.168.0.104:8300/order/findByOrderId
2019-11-03 14:14:35.835  INFO 23512 --- [PollingServerListUpdater-0] c.netflix.config.ChainedDynamicProperty  : Flipping property: ITCAST-ORDER.ribbon.ActiveConnectionsLimit to use NEXT property: niws.loadbalancer.availabilityFilteringRule.activeConnectionsLimit = 2147483647
2019-11-03 14:14:37.433 TRACE 23512 --- [reactor-http-nio-6] o.s.c.g.filter.NettyWriteResponseFilter  : NettyWriteResponseFilter start
2019-11-03 14:14:37.457 TRACE 23512 --- [reactor-http-nio-2] o.s.c.g.filter.GatewayMetricsFilter      : Stopping timer 'gateway.requests' with tags [tag(outcome=SERVER_ERROR),tag(routeId=order_route),tag(routeUri=lb://ITCAST-ORDER),tag(status=INTERNAL_SERVER_ERROR)]
2019-11-03 14:14:54.566  INFO 23512 --- [AsyncResolver-bootstrap-executor-0] c.n.d.s.r.aws.ConfigClusterResolver      : Resolving eureka endpoints via configuration
2019-11-03 14:14:58.739  INFO 24052 --- [AsyncResolver-bootstrap-executor-0] c.n.d.s.r.aws.ConfigClusterResolver      : Resolving eureka endpoints via configuration
2019-11-03 14:16:22.483 TRACE 24052 --- [reactor-http-nio-2] o.s.c.g.f.WeightCalculatorWebFilter      : Weights attr: {}
2019-11-03 14:16:22.543 DEBUG 24052 --- [reactor-http-nio-2] o.s.c.g.r.RouteDefinitionRouteLocator    : RouteDefinition CompositeDiscoveryClient_ITCAST-EUREKA applying {pattern=/ITCAST-EUREKA/**} to Path
2019-11-03 14:16:22.550 DEBUG 24052 --- [reactor-http-nio-2] o.s.c.g.r.RouteDefinitionRouteLocator    : RouteDefinition CompositeDiscoveryClient_ITCAST-EUREKA applying filter {regexp=/ITCAST-EUREKA/(?<remaining>.*), replacement=/${remaining}} to RewritePath
2019-11-03 14:16:22.553 DEBUG 24052 --- [reactor-http-nio-2] o.s.c.g.r.RouteDefinitionRouteLocator    : RouteDefinition matched: CompositeDiscoveryClient_ITCAST-EUREKA
2019-11-03 14:16:22.554 DEBUG 24052 --- [reactor-http-nio-2] o.s.c.g.r.RouteDefinitionRouteLocator    : RouteDefinition CompositeDiscoveryClient_ITCAST-GATEWAY applying {pattern=/ITCAST-GATEWAY/**} to Path
2019-11-03 14:16:22.554 DEBUG 24052 --- [reactor-http-nio-2] o.s.c.g.r.RouteDefinitionRouteLocator    : RouteDefinition CompositeDiscoveryClient_ITCAST-GATEWAY applying filter {regexp=/ITCAST-GATEWAY/(?<remaining>.*), replacement=/${remaining}} to RewritePath
2019-11-03 14:16:22.555 DEBUG 24052 --- [reactor-http-nio-2] o.s.c.g.r.RouteDefinitionRouteLocator    : RouteDefinition matched: CompositeDiscoveryClient_ITCAST-GATEWAY
2019-11-03 14:16:22.555 DEBUG 24052 --- [reactor-http-nio-2] o.s.c.g.r.RouteDefinitionRouteLocator    : RouteDefinition CompositeDiscoveryClient_ITCAST-ORDER applying {pattern=/ITCAST-ORDER/**} to Path
2019-11-03 14:16:22.556 DEBUG 24052 --- [reactor-http-nio-2] o.s.c.g.r.RouteDefinitionRouteLocator    : RouteDefinition CompositeDiscoveryClient_ITCAST-ORDER applying filter {regexp=/ITCAST-ORDER/(?<remaining>.*), replacement=/${remaining}} to RewritePath
2019-11-03 14:16:22.556 DEBUG 24052 --- [reactor-http-nio-2] o.s.c.g.r.RouteDefinitionRouteLocator    : RouteDefinition matched: CompositeDiscoveryClient_ITCAST-ORDER
2019-11-03 14:16:22.556 DEBUG 24052 --- [reactor-http-nio-2] o.s.c.g.r.RouteDefinitionRouteLocator    : RouteDefinition order_route applying {_genkey_0=/order/**} to Path
2019-11-03 14:16:22.557 DEBUG 24052 --- [reactor-http-nio-2] o.s.c.g.r.RouteDefinitionRouteLocator    : RouteDefinition matched: order_route
2019-11-03 14:16:22.560 TRACE 24052 --- [reactor-http-nio-2] o.s.c.g.h.p.RoutePredicateFactory        : Pattern "[/ITCAST-EUREKA/**]" does not match against value "/order/pay"
2019-11-03 14:16:22.560 TRACE 24052 --- [reactor-http-nio-2] o.s.c.g.h.p.RoutePredicateFactory        : Pattern "[/ITCAST-GATEWAY/**]" does not match against value "/order/pay"
2019-11-03 14:16:22.561 TRACE 24052 --- [reactor-http-nio-2] o.s.c.g.h.p.RoutePredicateFactory        : Pattern "[/ITCAST-ORDER/**]" does not match against value "/order/pay"
2019-11-03 14:16:22.561 TRACE 24052 --- [reactor-http-nio-2] o.s.c.g.h.p.RoutePredicateFactory        : Pattern "/order/**" matches against value "/order/pay"
2019-11-03 14:16:22.562 DEBUG 24052 --- [reactor-http-nio-2] o.s.c.g.h.RoutePredicateHandlerMapping   : Route matched: order_route
2019-11-03 14:16:22.562 DEBUG 24052 --- [reactor-http-nio-2] o.s.c.g.h.RoutePredicateHandlerMapping   : Mapping [Exchange: POST http://backServer/order/pay] to Route{id='order_route', uri=lb://ITCAST-ORDER, order=0, predicate=org.springframework.cloud.gateway.support.ServerWebExchangeUtils$$Lambda$851/321673650@7f74ed08, gatewayFilters=[]}
2019-11-03 14:16:22.562 DEBUG 24052 --- [reactor-http-nio-2] o.s.c.g.h.RoutePredicateHandlerMapping   : [56524229] Mapped to org.springframework.cloud.gateway.handler.FilteringWebHandler@15ee857b
2019-11-03 14:16:22.563 DEBUG 24052 --- [reactor-http-nio-2] o.s.c.g.handler.FilteringWebHandler      : Sorted gatewayFilterFactories: [OrderedGatewayFilter{delegate=GatewayFilterAdapter{delegate=org.springframework.cloud.gateway.filter.AdaptCachedBodyGlobalFilter@5b40de43}, order=-2147482648}, OrderedGatewayFilter{delegate=GatewayFilterAdapter{delegate=org.springframework.cloud.gateway.filter.GatewayMetricsFilter@48a2db72}, order=-2147473648}, OrderedGatewayFilter{delegate=GatewayFilterAdapter{delegate=org.springframework.cloud.gateway.filter.NettyWriteResponseFilter@9ab310b}, order=-1}, OrderedGatewayFilter{delegate=GatewayFilterAdapter{delegate=org.springframework.cloud.gateway.filter.ForwardPathFilter@4faf104}, order=0}, OrderedGatewayFilter{delegate=GatewayFilterAdapter{delegate=org.springframework.cloud.gateway.filter.RouteToRequestUrlFilter@49fb0bbd}, order=10000}, OrderedGatewayFilter{delegate=GatewayFilterAdapter{delegate=org.springframework.cloud.gateway.filter.LoadBalancerClientFilter@1526f71}, order=10100}, OrderedGatewayFilter{delegate=GatewayFilterAdapter{delegate=org.springframework.cloud.gateway.filter.WebsocketRoutingFilter@5995851e}, order=2147483646}, OrderedGatewayFilter{delegate=GatewayFilterAdapter{delegate=org.springframework.cloud.gateway.filter.NettyRoutingFilter@49ca94a9}, order=2147483647}, OrderedGatewayFilter{delegate=GatewayFilterAdapter{delegate=org.springframework.cloud.gateway.filter.ForwardRoutingFilter@5489b1f7}, order=2147483647}]
2019-11-03 14:16:22.565 TRACE 24052 --- [reactor-http-nio-2] o.s.c.g.filter.RouteToRequestUrlFilter   : RouteToRequestUrlFilter start
2019-11-03 14:16:22.574 TRACE 24052 --- [reactor-http-nio-2] o.s.c.g.filter.LoadBalancerClientFilter  : LoadBalancerClientFilter url before: lb://ITCAST-ORDER/order/pay
2019-11-03 14:16:23.019  INFO 24052 --- [reactor-http-nio-2] c.netflix.config.ChainedDynamicProperty  : Flipping property: ITCAST-ORDER.ribbon.ActiveConnectionsLimit to use NEXT property: niws.loadbalancer.availabilityFilteringRule.activeConnectionsLimit = 2147483647
2019-11-03 14:16:23.074  INFO 24052 --- [reactor-http-nio-2] c.n.u.concurrent.ShutdownEnabledTimer    : Shutdown hook installed for: NFLoadBalancer-PingTimer-ITCAST-ORDER
2019-11-03 14:16:23.075  INFO 24052 --- [reactor-http-nio-2] c.netflix.loadbalancer.BaseLoadBalancer  : Client: ITCAST-ORDER instantiated a LoadBalancer: DynamicServerListLoadBalancer:{NFLoadBalancer:name=ITCAST-ORDER,current list of Servers=[],Load balancer stats=Zone stats: {},Server stats: []}ServerList:null
2019-11-03 14:16:23.083  INFO 24052 --- [reactor-http-nio-2] c.n.l.DynamicServerListLoadBalancer      : Using serverListUpdater PollingServerListUpdater
2019-11-03 14:16:23.107  INFO 24052 --- [reactor-http-nio-2] c.netflix.config.ChainedDynamicProperty  : Flipping property: ITCAST-ORDER.ribbon.ActiveConnectionsLimit to use NEXT property: niws.loadbalancer.availabilityFilteringRule.activeConnectionsLimit = 2147483647
2019-11-03 14:16:23.109  INFO 24052 --- [reactor-http-nio-2] c.n.l.DynamicServerListLoadBalancer      : DynamicServerListLoadBalancer for client ITCAST-ORDER initialized: DynamicServerListLoadBalancer:{NFLoadBalancer:name=ITCAST-ORDER,current list of Servers=[192.168.0.104:8300, 192.168.0.104:8200, 192.168.0.104:8100],Load balancer stats=Zone stats: {defaultzone=[Zone:defaultzone;	Instance count:3;	Active connections count: 0;	Circuit breaker tripped count: 0;	Active connections per server: 0.0;]
},Server stats: [[Server:192.168.0.104:8100;	Zone:defaultZone;	Total Requests:0;	Successive connection failure:0;	Total blackout seconds:0;	Last connection made:Thu Jan 01 08:00:00 CST 1970;	First connection made: Thu Jan 01 08:00:00 CST 1970;	Active Connections:0;	total failure count in last (1000) msecs:0;	average resp time:0.0;	90 percentile resp time:0.0;	95 percentile resp time:0.0;	min resp time:0.0;	max resp time:0.0;	stddev resp time:0.0]
, [Server:192.168.0.104:8300;	Zone:defaultZone;	Total Requests:0;	Successive connection failure:0;	Total blackout seconds:0;	Last connection made:Thu Jan 01 08:00:00 CST 1970;	First connection made: Thu Jan 01 08:00:00 CST 1970;	Active Connections:0;	total failure count in last (1000) msecs:0;	average resp time:0.0;	90 percentile resp time:0.0;	95 percentile resp time:0.0;	min resp time:0.0;	max resp time:0.0;	stddev resp time:0.0]
, [Server:192.168.0.104:8200;	Zone:defaultZone;	Total Requests:0;	Successive connection failure:0;	Total blackout seconds:0;	Last connection made:Thu Jan 01 08:00:00 CST 1970;	First connection made: Thu Jan 01 08:00:00 CST 1970;	Active Connections:0;	total failure count in last (1000) msecs:0;	average resp time:0.0;	90 percentile resp time:0.0;	95 percentile resp time:0.0;	min resp time:0.0;	max resp time:0.0;	stddev resp time:0.0]
]}ServerList:org.springframework.cloud.netflix.ribbon.eureka.DomainExtractingServerList@371b920a
2019-11-03 14:16:23.139 TRACE 24052 --- [reactor-http-nio-2] o.s.c.g.filter.LoadBalancerClientFilter  : LoadBalancerClientFilter url chosen: http://192.168.0.104:8300/order/pay
2019-11-03 14:16:24.090  INFO 24052 --- [PollingServerListUpdater-0] c.netflix.config.ChainedDynamicProperty  : Flipping property: ITCAST-ORDER.ribbon.ActiveConnectionsLimit to use NEXT property: niws.loadbalancer.availabilityFilteringRule.activeConnectionsLimit = 2147483647
2019-11-03 14:16:25.671 TRACE 24052 --- [reactor-http-nio-6] o.s.c.g.filter.NettyWriteResponseFilter  : NettyWriteResponseFilter start
2019-11-03 14:16:25.693 TRACE 24052 --- [reactor-http-nio-2] o.s.c.g.filter.GatewayMetricsFilter      : Stopping timer 'gateway.requests' with tags [tag(outcome=SERVER_ERROR),tag(routeId=order_route),tag(routeUri=lb://ITCAST-ORDER),tag(status=INTERNAL_SERVER_ERROR)]
2019-11-03 14:16:54.100 TRACE 18372 --- [reactor-http-nio-7] o.s.c.g.f.WeightCalculatorWebFilter      : Weights attr: {}
2019-11-03 14:16:54.102 DEBUG 18372 --- [reactor-http-nio-7] o.s.c.g.r.RouteDefinitionRouteLocator    : RouteDefinition CompositeDiscoveryClient_ITCAST-EUREKA applying {pattern=/ITCAST-EUREKA/**} to Path
2019-11-03 14:16:54.104 DEBUG 18372 --- [reactor-http-nio-7] o.s.c.g.r.RouteDefinitionRouteLocator    : RouteDefinition CompositeDiscoveryClient_ITCAST-EUREKA applying filter {regexp=/ITCAST-EUREKA/(?<remaining>.*), replacement=/${remaining}} to RewritePath
2019-11-03 14:16:54.105 DEBUG 18372 --- [reactor-http-nio-7] o.s.c.g.r.RouteDefinitionRouteLocator    : RouteDefinition matched: CompositeDiscoveryClient_ITCAST-EUREKA
2019-11-03 14:16:54.105 DEBUG 18372 --- [reactor-http-nio-7] o.s.c.g.r.RouteDefinitionRouteLocator    : RouteDefinition CompositeDiscoveryClient_ITCAST-GATEWAY applying {pattern=/ITCAST-GATEWAY/**} to Path
2019-11-03 14:16:54.106 DEBUG 18372 --- [reactor-http-nio-7] o.s.c.g.r.RouteDefinitionRouteLocator    : RouteDefinition CompositeDiscoveryClient_ITCAST-GATEWAY applying filter {regexp=/ITCAST-GATEWAY/(?<remaining>.*), replacement=/${remaining}} to RewritePath
2019-11-03 14:16:54.107 DEBUG 18372 --- [reactor-http-nio-7] o.s.c.g.r.RouteDefinitionRouteLocator    : RouteDefinition matched: CompositeDiscoveryClient_ITCAST-GATEWAY
2019-11-03 14:16:54.108 DEBUG 18372 --- [reactor-http-nio-7] o.s.c.g.r.RouteDefinitionRouteLocator    : RouteDefinition CompositeDiscoveryClient_ITCAST-ORDER applying {pattern=/ITCAST-ORDER/**} to Path
2019-11-03 14:16:54.109 DEBUG 18372 --- [reactor-http-nio-7] o.s.c.g.r.RouteDefinitionRouteLocator    : RouteDefinition CompositeDiscoveryClient_ITCAST-ORDER applying filter {regexp=/ITCAST-ORDER/(?<remaining>.*), replacement=/${remaining}} to RewritePath
2019-11-03 14:16:54.110 DEBUG 18372 --- [reactor-http-nio-7] o.s.c.g.r.RouteDefinitionRouteLocator    : RouteDefinition matched: CompositeDiscoveryClient_ITCAST-ORDER
2019-11-03 14:16:54.110 DEBUG 18372 --- [reactor-http-nio-7] o.s.c.g.r.RouteDefinitionRouteLocator    : RouteDefinition order_route applying {_genkey_0=/order/**} to Path
2019-11-03 14:16:54.111 DEBUG 18372 --- [reactor-http-nio-7] o.s.c.g.r.RouteDefinitionRouteLocator    : RouteDefinition matched: order_route
2019-11-03 14:16:54.112 TRACE 18372 --- [reactor-http-nio-7] o.s.c.g.h.p.RoutePredicateFactory        : Pattern "[/ITCAST-EUREKA/**]" does not match against value "/order/pay"
2019-11-03 14:16:54.113 TRACE 18372 --- [reactor-http-nio-7] o.s.c.g.h.p.RoutePredicateFactory        : Pattern "[/ITCAST-GATEWAY/**]" does not match against value "/order/pay"
2019-11-03 14:16:54.113 TRACE 18372 --- [reactor-http-nio-7] o.s.c.g.h.p.RoutePredicateFactory        : Pattern "[/ITCAST-ORDER/**]" does not match against value "/order/pay"
2019-11-03 14:16:54.113 TRACE 18372 --- [reactor-http-nio-7] o.s.c.g.h.p.RoutePredicateFactory        : Pattern "/order/**" matches against value "/order/pay"
2019-11-03 14:16:54.113 DEBUG 18372 --- [reactor-http-nio-7] o.s.c.g.h.RoutePredicateHandlerMapping   : Route matched: order_route
2019-11-03 14:16:54.113 DEBUG 18372 --- [reactor-http-nio-7] o.s.c.g.h.RoutePredicateHandlerMapping   : Mapping [Exchange: POST http://backServer/order/pay] to Route{id='order_route', uri=lb://ITCAST-ORDER, order=0, predicate=org.springframework.cloud.gateway.support.ServerWebExchangeUtils$$Lambda$852/1826882980@100d3547, gatewayFilters=[]}
2019-11-03 14:16:54.113 DEBUG 18372 --- [reactor-http-nio-7] o.s.c.g.h.RoutePredicateHandlerMapping   : [950e84c2] Mapped to org.springframework.cloud.gateway.handler.FilteringWebHandler@79bbbd14
2019-11-03 14:16:54.114 DEBUG 18372 --- [reactor-http-nio-7] o.s.c.g.handler.FilteringWebHandler      : Sorted gatewayFilterFactories: [OrderedGatewayFilter{delegate=GatewayFilterAdapter{delegate=org.springframework.cloud.gateway.filter.AdaptCachedBodyGlobalFilter@32faa16c}, order=-2147482648}, OrderedGatewayFilter{delegate=GatewayFilterAdapter{delegate=org.springframework.cloud.gateway.filter.GatewayMetricsFilter@20d33ea}, order=-2147473648}, OrderedGatewayFilter{delegate=GatewayFilterAdapter{delegate=org.springframework.cloud.gateway.filter.NettyWriteResponseFilter@5503de1}, order=-1}, OrderedGatewayFilter{delegate=GatewayFilterAdapter{delegate=org.springframework.cloud.gateway.filter.ForwardPathFilter@2f80cb79}, order=0}, OrderedGatewayFilter{delegate=GatewayFilterAdapter{delegate=org.springframework.cloud.gateway.filter.RouteToRequestUrlFilter@343fddd9}, order=10000}, OrderedGatewayFilter{delegate=GatewayFilterAdapter{delegate=org.springframework.cloud.gateway.filter.LoadBalancerClientFilter@6fcd31c3}, order=10100}, OrderedGatewayFilter{delegate=GatewayFilterAdapter{delegate=org.springframework.cloud.gateway.filter.WebsocketRoutingFilter@4816ee24}, order=2147483646}, OrderedGatewayFilter{delegate=GatewayFilterAdapter{delegate=org.springframework.cloud.gateway.filter.NettyRoutingFilter@67bf0480}, order=2147483647}, OrderedGatewayFilter{delegate=GatewayFilterAdapter{delegate=org.springframework.cloud.gateway.filter.ForwardRoutingFilter@2bbb44da}, order=2147483647}]
2019-11-03 14:16:54.114 TRACE 18372 --- [reactor-http-nio-7] o.s.c.g.filter.RouteToRequestUrlFilter   : RouteToRequestUrlFilter start
2019-11-03 14:16:54.114 TRACE 18372 --- [reactor-http-nio-7] o.s.c.g.filter.LoadBalancerClientFilter  : LoadBalancerClientFilter url before: lb://ITCAST-ORDER/order/pay
2019-11-03 14:16:54.115 TRACE 18372 --- [reactor-http-nio-7] o.s.c.g.filter.LoadBalancerClientFilter  : LoadBalancerClientFilter url chosen: http://192.168.0.104:8300/order/pay
2019-11-03 14:17:39.081 TRACE 18372 --- [reactor-http-nio-7] o.s.c.g.filter.NettyWriteResponseFilter  : NettyWriteResponseFilter start
2019-11-03 14:17:39.083 TRACE 18372 --- [reactor-http-nio-7] o.s.c.g.filter.GatewayMetricsFilter      : Stopping timer 'gateway.requests' with tags [tag(outcome=SERVER_ERROR),tag(routeId=order_route),tag(routeUri=lb://ITCAST-ORDER),tag(status=INTERNAL_SERVER_ERROR)]
2019-11-03 14:18:24.077 TRACE 23512 --- [reactor-http-nio-7] o.s.c.g.f.WeightCalculatorWebFilter      : Weights attr: {}
2019-11-03 14:18:24.079 DEBUG 23512 --- [reactor-http-nio-7] o.s.c.g.r.RouteDefinitionRouteLocator    : RouteDefinition CompositeDiscoveryClient_ITCAST-EUREKA applying {pattern=/ITCAST-EUREKA/**} to Path
2019-11-03 14:18:24.080 DEBUG 23512 --- [reactor-http-nio-7] o.s.c.g.r.RouteDefinitionRouteLocator    : RouteDefinition CompositeDiscoveryClient_ITCAST-EUREKA applying filter {regexp=/ITCAST-EUREKA/(?<remaining>.*), replacement=/${remaining}} to RewritePath
2019-11-03 14:18:24.081 DEBUG 23512 --- [reactor-http-nio-7] o.s.c.g.r.RouteDefinitionRouteLocator    : RouteDefinition matched: CompositeDiscoveryClient_ITCAST-EUREKA
2019-11-03 14:18:24.082 DEBUG 23512 --- [reactor-http-nio-7] o.s.c.g.r.RouteDefinitionRouteLocator    : RouteDefinition CompositeDiscoveryClient_ITCAST-GATEWAY applying {pattern=/ITCAST-GATEWAY/**} to Path
2019-11-03 14:18:24.082 DEBUG 23512 --- [reactor-http-nio-7] o.s.c.g.r.RouteDefinitionRouteLocator    : RouteDefinition CompositeDiscoveryClient_ITCAST-GATEWAY applying filter {regexp=/ITCAST-GATEWAY/(?<remaining>.*), replacement=/${remaining}} to RewritePath
2019-11-03 14:18:24.083 DEBUG 23512 --- [reactor-http-nio-7] o.s.c.g.r.RouteDefinitionRouteLocator    : RouteDefinition matched: CompositeDiscoveryClient_ITCAST-GATEWAY
2019-11-03 14:18:24.084 DEBUG 23512 --- [reactor-http-nio-7] o.s.c.g.r.RouteDefinitionRouteLocator    : RouteDefinition CompositeDiscoveryClient_ITCAST-ORDER applying {pattern=/ITCAST-ORDER/**} to Path
2019-11-03 14:18:24.085 DEBUG 23512 --- [reactor-http-nio-7] o.s.c.g.r.RouteDefinitionRouteLocator    : RouteDefinition CompositeDiscoveryClient_ITCAST-ORDER applying filter {regexp=/ITCAST-ORDER/(?<remaining>.*), replacement=/${remaining}} to RewritePath
2019-11-03 14:18:24.085 DEBUG 23512 --- [reactor-http-nio-7] o.s.c.g.r.RouteDefinitionRouteLocator    : RouteDefinition matched: CompositeDiscoveryClient_ITCAST-ORDER
2019-11-03 14:18:24.086 DEBUG 23512 --- [reactor-http-nio-7] o.s.c.g.r.RouteDefinitionRouteLocator    : RouteDefinition order_route applying {_genkey_0=/order/**} to Path
2019-11-03 14:18:24.086 DEBUG 23512 --- [reactor-http-nio-7] o.s.c.g.r.RouteDefinitionRouteLocator    : RouteDefinition matched: order_route
2019-11-03 14:18:24.087 TRACE 23512 --- [reactor-http-nio-7] o.s.c.g.h.p.RoutePredicateFactory        : Pattern "[/ITCAST-EUREKA/**]" does not match against value "/order/pay"
2019-11-03 14:18:24.087 TRACE 23512 --- [reactor-http-nio-7] o.s.c.g.h.p.RoutePredicateFactory        : Pattern "[/ITCAST-GATEWAY/**]" does not match against value "/order/pay"
2019-11-03 14:18:24.087 TRACE 23512 --- [reactor-http-nio-7] o.s.c.g.h.p.RoutePredicateFactory        : Pattern "[/ITCAST-ORDER/**]" does not match against value "/order/pay"
2019-11-03 14:18:24.088 TRACE 23512 --- [reactor-http-nio-7] o.s.c.g.h.p.RoutePredicateFactory        : Pattern "/order/**" matches against value "/order/pay"
2019-11-03 14:18:24.088 DEBUG 23512 --- [reactor-http-nio-7] o.s.c.g.h.RoutePredicateHandlerMapping   : Route matched: order_route
2019-11-03 14:18:24.088 DEBUG 23512 --- [reactor-http-nio-7] o.s.c.g.h.RoutePredicateHandlerMapping   : Mapping [Exchange: POST http://backServer/order/pay] to Route{id='order_route', uri=lb://ITCAST-ORDER, order=0, predicate=org.springframework.cloud.gateway.support.ServerWebExchangeUtils$$Lambda$851/31610308@5b612533, gatewayFilters=[]}
2019-11-03 14:18:24.088 DEBUG 23512 --- [reactor-http-nio-7] o.s.c.g.h.RoutePredicateHandlerMapping   : [1a920ac9] Mapped to org.springframework.cloud.gateway.handler.FilteringWebHandler@18939797
2019-11-03 14:18:24.088 DEBUG 23512 --- [reactor-http-nio-7] o.s.c.g.handler.FilteringWebHandler      : Sorted gatewayFilterFactories: [OrderedGatewayFilter{delegate=GatewayFilterAdapter{delegate=org.springframework.cloud.gateway.filter.AdaptCachedBodyGlobalFilter@3d299393}, order=-2147482648}, OrderedGatewayFilter{delegate=GatewayFilterAdapter{delegate=org.springframework.cloud.gateway.filter.GatewayMetricsFilter@1c52552f}, order=-2147473648}, OrderedGatewayFilter{delegate=GatewayFilterAdapter{delegate=org.springframework.cloud.gateway.filter.NettyWriteResponseFilter@4b1ec694}, order=-1}, OrderedGatewayFilter{delegate=GatewayFilterAdapter{delegate=org.springframework.cloud.gateway.filter.ForwardPathFilter@16da1abc}, order=0}, OrderedGatewayFilter{delegate=GatewayFilterAdapter{delegate=org.springframework.cloud.gateway.filter.RouteToRequestUrlFilter@5f34907b}, order=10000}, OrderedGatewayFilter{delegate=GatewayFilterAdapter{delegate=org.springframework.cloud.gateway.filter.LoadBalancerClientFilter@5426cb36}, order=10100}, OrderedGatewayFilter{delegate=GatewayFilterAdapter{delegate=org.springframework.cloud.gateway.filter.WebsocketRoutingFilter@671ea6ff}, order=2147483646}, OrderedGatewayFilter{delegate=GatewayFilterAdapter{delegate=org.springframework.cloud.gateway.filter.NettyRoutingFilter@65e22def}, order=2147483647}, OrderedGatewayFilter{delegate=GatewayFilterAdapter{delegate=org.springframework.cloud.gateway.filter.ForwardRoutingFilter@2b4d4327}, order=2147483647}]
2019-11-03 14:18:24.088 TRACE 23512 --- [reactor-http-nio-7] o.s.c.g.filter.RouteToRequestUrlFilter   : RouteToRequestUrlFilter start
2019-11-03 14:18:24.089 TRACE 23512 --- [reactor-http-nio-7] o.s.c.g.filter.LoadBalancerClientFilter  : LoadBalancerClientFilter url before: lb://ITCAST-ORDER/order/pay
2019-11-03 14:18:24.089 TRACE 23512 --- [reactor-http-nio-7] o.s.c.g.filter.LoadBalancerClientFilter  : LoadBalancerClientFilter url chosen: http://192.168.0.104:8200/order/pay
2019-11-03 14:18:26.845 TRACE 23512 --- [reactor-http-nio-7] o.s.c.g.filter.NettyWriteResponseFilter  : NettyWriteResponseFilter start
2019-11-03 14:18:26.847 TRACE 23512 --- [reactor-http-nio-7] o.s.c.g.filter.GatewayMetricsFilter      : Stopping timer 'gateway.requests' with tags [tag(outcome=SERVER_ERROR),tag(routeId=order_route),tag(routeUri=lb://ITCAST-ORDER),tag(status=INTERNAL_SERVER_ERROR)]
2019-11-03 14:19:34.691  INFO 18372 --- [AsyncResolver-bootstrap-executor-0] c.n.d.s.r.aws.ConfigClusterResolver      : Resolving eureka endpoints via configuration
2019-11-03 14:19:41.283 TRACE 24052 --- [reactor-http-nio-7] o.s.c.g.f.WeightCalculatorWebFilter      : Weights attr: {}
2019-11-03 14:19:41.284 DEBUG 24052 --- [reactor-http-nio-7] o.s.c.g.r.RouteDefinitionRouteLocator    : RouteDefinition CompositeDiscoveryClient_ITCAST-EUREKA applying {pattern=/ITCAST-EUREKA/**} to Path
2019-11-03 14:19:41.285 DEBUG 24052 --- [reactor-http-nio-7] o.s.c.g.r.RouteDefinitionRouteLocator    : RouteDefinition CompositeDiscoveryClient_ITCAST-EUREKA applying filter {regexp=/ITCAST-EUREKA/(?<remaining>.*), replacement=/${remaining}} to RewritePath
2019-11-03 14:19:41.287 DEBUG 24052 --- [reactor-http-nio-7] o.s.c.g.r.RouteDefinitionRouteLocator    : RouteDefinition matched: CompositeDiscoveryClient_ITCAST-EUREKA
2019-11-03 14:19:41.287 DEBUG 24052 --- [reactor-http-nio-7] o.s.c.g.r.RouteDefinitionRouteLocator    : RouteDefinition CompositeDiscoveryClient_ITCAST-GATEWAY applying {pattern=/ITCAST-GATEWAY/**} to Path
2019-11-03 14:19:41.288 DEBUG 24052 --- [reactor-http-nio-7] o.s.c.g.r.RouteDefinitionRouteLocator    : RouteDefinition CompositeDiscoveryClient_ITCAST-GATEWAY applying filter {regexp=/ITCAST-GATEWAY/(?<remaining>.*), replacement=/${remaining}} to RewritePath
2019-11-03 14:19:41.289 DEBUG 24052 --- [reactor-http-nio-7] o.s.c.g.r.RouteDefinitionRouteLocator    : RouteDefinition matched: CompositeDiscoveryClient_ITCAST-GATEWAY
2019-11-03 14:19:41.289 DEBUG 24052 --- [reactor-http-nio-7] o.s.c.g.r.RouteDefinitionRouteLocator    : RouteDefinition order_route applying {_genkey_0=/order/**} to Path
2019-11-03 14:19:41.291 DEBUG 24052 --- [reactor-http-nio-7] o.s.c.g.r.RouteDefinitionRouteLocator    : RouteDefinition matched: order_route
2019-11-03 14:19:41.292 TRACE 24052 --- [reactor-http-nio-7] o.s.c.g.h.p.RoutePredicateFactory        : Pattern "[/ITCAST-EUREKA/**]" does not match against value "/order/pay"
2019-11-03 14:19:41.293 TRACE 24052 --- [reactor-http-nio-7] o.s.c.g.h.p.RoutePredicateFactory        : Pattern "[/ITCAST-GATEWAY/**]" does not match against value "/order/pay"
2019-11-03 14:19:41.293 TRACE 24052 --- [reactor-http-nio-7] o.s.c.g.h.p.RoutePredicateFactory        : Pattern "/order/**" matches against value "/order/pay"
2019-11-03 14:19:41.293 DEBUG 24052 --- [reactor-http-nio-7] o.s.c.g.h.RoutePredicateHandlerMapping   : Route matched: order_route
2019-11-03 14:19:41.293 DEBUG 24052 --- [reactor-http-nio-7] o.s.c.g.h.RoutePredicateHandlerMapping   : Mapping [Exchange: POST http://backServer/order/pay] to Route{id='order_route', uri=lb://ITCAST-ORDER, order=0, predicate=org.springframework.cloud.gateway.support.ServerWebExchangeUtils$$Lambda$851/321673650@71376037, gatewayFilters=[]}
2019-11-03 14:19:41.293 DEBUG 24052 --- [reactor-http-nio-7] o.s.c.g.h.RoutePredicateHandlerMapping   : [be1dec1c] Mapped to org.springframework.cloud.gateway.handler.FilteringWebHandler@15ee857b
2019-11-03 14:19:41.294 DEBUG 24052 --- [reactor-http-nio-7] o.s.c.g.handler.FilteringWebHandler      : Sorted gatewayFilterFactories: [OrderedGatewayFilter{delegate=GatewayFilterAdapter{delegate=org.springframework.cloud.gateway.filter.AdaptCachedBodyGlobalFilter@5b40de43}, order=-2147482648}, OrderedGatewayFilter{delegate=GatewayFilterAdapter{delegate=org.springframework.cloud.gateway.filter.GatewayMetricsFilter@48a2db72}, order=-2147473648}, OrderedGatewayFilter{delegate=GatewayFilterAdapter{delegate=org.springframework.cloud.gateway.filter.NettyWriteResponseFilter@9ab310b}, order=-1}, OrderedGatewayFilter{delegate=GatewayFilterAdapter{delegate=org.springframework.cloud.gateway.filter.ForwardPathFilter@4faf104}, order=0}, OrderedGatewayFilter{delegate=GatewayFilterAdapter{delegate=org.springframework.cloud.gateway.filter.RouteToRequestUrlFilter@49fb0bbd}, order=10000}, OrderedGatewayFilter{delegate=GatewayFilterAdapter{delegate=org.springframework.cloud.gateway.filter.LoadBalancerClientFilter@1526f71}, order=10100}, OrderedGatewayFilter{delegate=GatewayFilterAdapter{delegate=org.springframework.cloud.gateway.filter.WebsocketRoutingFilter@5995851e}, order=2147483646}, OrderedGatewayFilter{delegate=GatewayFilterAdapter{delegate=org.springframework.cloud.gateway.filter.NettyRoutingFilter@49ca94a9}, order=2147483647}, OrderedGatewayFilter{delegate=GatewayFilterAdapter{delegate=org.springframework.cloud.gateway.filter.ForwardRoutingFilter@5489b1f7}, order=2147483647}]
2019-11-03 14:19:41.294 TRACE 24052 --- [reactor-http-nio-7] o.s.c.g.filter.RouteToRequestUrlFilter   : RouteToRequestUrlFilter start
2019-11-03 14:19:41.294 TRACE 24052 --- [reactor-http-nio-7] o.s.c.g.filter.LoadBalancerClientFilter  : LoadBalancerClientFilter url before: lb://ITCAST-ORDER/order/pay
2019-11-03 14:19:41.294 TRACE 24052 --- [reactor-http-nio-7] o.s.c.g.filter.LoadBalancerClientFilter  : LoadBalancerClientFilter url chosen: http://192.168.0.104:8100/order/pay
2019-11-03 14:19:53.008 TRACE 24052 --- [reactor-http-nio-7] o.s.c.g.filter.NettyWriteResponseFilter  : NettyWriteResponseFilter start
2019-11-03 14:19:54.567  INFO 23512 --- [AsyncResolver-bootstrap-executor-0] c.n.d.s.r.aws.ConfigClusterResolver      : Resolving eureka endpoints via configuration
2019-11-03 14:19:57.794 TRACE 18372 --- [reactor-http-nio-8] o.s.c.g.f.WeightCalculatorWebFilter      : Weights attr: {}
2019-11-03 14:19:57.795 DEBUG 18372 --- [reactor-http-nio-8] o.s.c.g.r.RouteDefinitionRouteLocator    : RouteDefinition CompositeDiscoveryClient_ITCAST-EUREKA applying {pattern=/ITCAST-EUREKA/**} to Path
2019-11-03 14:19:57.797 DEBUG 18372 --- [reactor-http-nio-8] o.s.c.g.r.RouteDefinitionRouteLocator    : RouteDefinition CompositeDiscoveryClient_ITCAST-EUREKA applying filter {regexp=/ITCAST-EUREKA/(?<remaining>.*), replacement=/${remaining}} to RewritePath
2019-11-03 14:19:57.799 DEBUG 18372 --- [reactor-http-nio-8] o.s.c.g.r.RouteDefinitionRouteLocator    : RouteDefinition matched: CompositeDiscoveryClient_ITCAST-EUREKA
2019-11-03 14:19:57.801 DEBUG 18372 --- [reactor-http-nio-8] o.s.c.g.r.RouteDefinitionRouteLocator    : RouteDefinition CompositeDiscoveryClient_ITCAST-ORDER applying {pattern=/ITCAST-ORDER/**} to Path
2019-11-03 14:19:57.802 DEBUG 18372 --- [reactor-http-nio-8] o.s.c.g.r.RouteDefinitionRouteLocator    : RouteDefinition CompositeDiscoveryClient_ITCAST-ORDER applying filter {regexp=/ITCAST-ORDER/(?<remaining>.*), replacement=/${remaining}} to RewritePath
2019-11-03 14:19:57.803 DEBUG 18372 --- [reactor-http-nio-8] o.s.c.g.r.RouteDefinitionRouteLocator    : RouteDefinition matched: CompositeDiscoveryClient_ITCAST-ORDER
2019-11-03 14:19:57.803 DEBUG 18372 --- [reactor-http-nio-8] o.s.c.g.r.RouteDefinitionRouteLocator    : RouteDefinition CompositeDiscoveryClient_ITCAST-GATEWAY applying {pattern=/ITCAST-GATEWAY/**} to Path
2019-11-03 14:19:57.804 DEBUG 18372 --- [reactor-http-nio-8] o.s.c.g.r.RouteDefinitionRouteLocator    : RouteDefinition CompositeDiscoveryClient_ITCAST-GATEWAY applying filter {regexp=/ITCAST-GATEWAY/(?<remaining>.*), replacement=/${remaining}} to RewritePath
2019-11-03 14:19:57.805 DEBUG 18372 --- [reactor-http-nio-8] o.s.c.g.r.RouteDefinitionRouteLocator    : RouteDefinition matched: CompositeDiscoveryClient_ITCAST-GATEWAY
2019-11-03 14:19:57.806 DEBUG 18372 --- [reactor-http-nio-8] o.s.c.g.r.RouteDefinitionRouteLocator    : RouteDefinition order_route applying {_genkey_0=/order/**} to Path
2019-11-03 14:19:57.807 DEBUG 18372 --- [reactor-http-nio-8] o.s.c.g.r.RouteDefinitionRouteLocator    : RouteDefinition matched: order_route
2019-11-03 14:19:57.807 TRACE 18372 --- [reactor-http-nio-8] o.s.c.g.h.p.RoutePredicateFactory        : Pattern "[/ITCAST-EUREKA/**]" does not match against value "/order/pay"
2019-11-03 14:19:57.808 TRACE 18372 --- [reactor-http-nio-8] o.s.c.g.h.p.RoutePredicateFactory        : Pattern "[/ITCAST-ORDER/**]" does not match against value "/order/pay"
2019-11-03 14:19:57.808 TRACE 18372 --- [reactor-http-nio-8] o.s.c.g.h.p.RoutePredicateFactory        : Pattern "[/ITCAST-GATEWAY/**]" does not match against value "/order/pay"
2019-11-03 14:19:57.808 TRACE 18372 --- [reactor-http-nio-8] o.s.c.g.h.p.RoutePredicateFactory        : Pattern "/order/**" matches against value "/order/pay"
2019-11-03 14:19:57.808 DEBUG 18372 --- [reactor-http-nio-8] o.s.c.g.h.RoutePredicateHandlerMapping   : Route matched: order_route
2019-11-03 14:19:57.808 DEBUG 18372 --- [reactor-http-nio-8] o.s.c.g.h.RoutePredicateHandlerMapping   : Mapping [Exchange: POST http://backServer/order/pay] to Route{id='order_route', uri=lb://ITCAST-ORDER, order=0, predicate=org.springframework.cloud.gateway.support.ServerWebExchangeUtils$$Lambda$852/1826882980@6cdb34f6, gatewayFilters=[]}
2019-11-03 14:19:57.808 DEBUG 18372 --- [reactor-http-nio-8] o.s.c.g.h.RoutePredicateHandlerMapping   : [08190766] Mapped to org.springframework.cloud.gateway.handler.FilteringWebHandler@79bbbd14
2019-11-03 14:19:57.808 DEBUG 18372 --- [reactor-http-nio-8] o.s.c.g.handler.FilteringWebHandler      : Sorted gatewayFilterFactories: [OrderedGatewayFilter{delegate=GatewayFilterAdapter{delegate=org.springframework.cloud.gateway.filter.AdaptCachedBodyGlobalFilter@32faa16c}, order=-2147482648}, OrderedGatewayFilter{delegate=GatewayFilterAdapter{delegate=org.springframework.cloud.gateway.filter.GatewayMetricsFilter@20d33ea}, order=-2147473648}, OrderedGatewayFilter{delegate=GatewayFilterAdapter{delegate=org.springframework.cloud.gateway.filter.NettyWriteResponseFilter@5503de1}, order=-1}, OrderedGatewayFilter{delegate=GatewayFilterAdapter{delegate=org.springframework.cloud.gateway.filter.ForwardPathFilter@2f80cb79}, order=0}, OrderedGatewayFilter{delegate=GatewayFilterAdapter{delegate=org.springframework.cloud.gateway.filter.RouteToRequestUrlFilter@343fddd9}, order=10000}, OrderedGatewayFilter{delegate=GatewayFilterAdapter{delegate=org.springframework.cloud.gateway.filter.LoadBalancerClientFilter@6fcd31c3}, order=10100}, OrderedGatewayFilter{delegate=GatewayFilterAdapter{delegate=org.springframework.cloud.gateway.filter.WebsocketRoutingFilter@4816ee24}, order=2147483646}, OrderedGatewayFilter{delegate=GatewayFilterAdapter{delegate=org.springframework.cloud.gateway.filter.NettyRoutingFilter@67bf0480}, order=2147483647}, OrderedGatewayFilter{delegate=GatewayFilterAdapter{delegate=org.springframework.cloud.gateway.filter.ForwardRoutingFilter@2bbb44da}, order=2147483647}]
2019-11-03 14:19:57.808 TRACE 18372 --- [reactor-http-nio-8] o.s.c.g.filter.RouteToRequestUrlFilter   : RouteToRequestUrlFilter start
2019-11-03 14:19:57.809 TRACE 18372 --- [reactor-http-nio-8] o.s.c.g.filter.LoadBalancerClientFilter  : LoadBalancerClientFilter url before: lb://ITCAST-ORDER/order/pay
2019-11-03 14:19:57.809 TRACE 18372 --- [reactor-http-nio-8] o.s.c.g.filter.LoadBalancerClientFilter  : LoadBalancerClientFilter url chosen: http://192.168.0.104:8200/order/pay
2019-11-03 14:19:58.782  INFO 24052 --- [AsyncResolver-bootstrap-executor-0] c.n.d.s.r.aws.ConfigClusterResolver      : Resolving eureka endpoints via configuration
2019-11-03 14:20:00.617 TRACE 18372 --- [reactor-http-nio-8] o.s.c.g.filter.NettyWriteResponseFilter  : NettyWriteResponseFilter start
2019-11-03 14:20:00.619 TRACE 18372 --- [reactor-http-nio-8] o.s.c.g.filter.GatewayMetricsFilter      : Stopping timer 'gateway.requests' with tags [tag(outcome=SUCCESSFUL),tag(routeId=order_route),tag(routeUri=lb://ITCAST-ORDER),tag(status=OK)]
2019-11-03 14:20:31.935 TRACE 23512 --- [reactor-http-nio-8] o.s.c.g.f.WeightCalculatorWebFilter      : Weights attr: {}
2019-11-03 14:20:31.937 DEBUG 23512 --- [reactor-http-nio-8] o.s.c.g.r.RouteDefinitionRouteLocator    : RouteDefinition CompositeDiscoveryClient_ITCAST-EUREKA applying {pattern=/ITCAST-EUREKA/**} to Path
2019-11-03 14:20:31.939 DEBUG 23512 --- [reactor-http-nio-8] o.s.c.g.r.RouteDefinitionRouteLocator    : RouteDefinition CompositeDiscoveryClient_ITCAST-EUREKA applying filter {regexp=/ITCAST-EUREKA/(?<remaining>.*), replacement=/${remaining}} to RewritePath
2019-11-03 14:20:31.940 DEBUG 23512 --- [reactor-http-nio-8] o.s.c.g.r.RouteDefinitionRouteLocator    : RouteDefinition matched: CompositeDiscoveryClient_ITCAST-EUREKA
2019-11-03 14:20:31.941 DEBUG 23512 --- [reactor-http-nio-8] o.s.c.g.r.RouteDefinitionRouteLocator    : RouteDefinition CompositeDiscoveryClient_ITCAST-ORDER applying {pattern=/ITCAST-ORDER/**} to Path
2019-11-03 14:20:31.942 DEBUG 23512 --- [reactor-http-nio-8] o.s.c.g.r.RouteDefinitionRouteLocator    : RouteDefinition CompositeDiscoveryClient_ITCAST-ORDER applying filter {regexp=/ITCAST-ORDER/(?<remaining>.*), replacement=/${remaining}} to RewritePath
2019-11-03 14:20:31.943 DEBUG 23512 --- [reactor-http-nio-8] o.s.c.g.r.RouteDefinitionRouteLocator    : RouteDefinition matched: CompositeDiscoveryClient_ITCAST-ORDER
2019-11-03 14:20:31.943 DEBUG 23512 --- [reactor-http-nio-8] o.s.c.g.r.RouteDefinitionRouteLocator    : RouteDefinition CompositeDiscoveryClient_ITCAST-GATEWAY applying {pattern=/ITCAST-GATEWAY/**} to Path
2019-11-03 14:20:31.944 DEBUG 23512 --- [reactor-http-nio-8] o.s.c.g.r.RouteDefinitionRouteLocator    : RouteDefinition CompositeDiscoveryClient_ITCAST-GATEWAY applying filter {regexp=/ITCAST-GATEWAY/(?<remaining>.*), replacement=/${remaining}} to RewritePath
2019-11-03 14:20:31.945 DEBUG 23512 --- [reactor-http-nio-8] o.s.c.g.r.RouteDefinitionRouteLocator    : RouteDefinition matched: CompositeDiscoveryClient_ITCAST-GATEWAY
2019-11-03 14:20:31.945 DEBUG 23512 --- [reactor-http-nio-8] o.s.c.g.r.RouteDefinitionRouteLocator    : RouteDefinition order_route applying {_genkey_0=/order/**} to Path
2019-11-03 14:20:31.947 DEBUG 23512 --- [reactor-http-nio-8] o.s.c.g.r.RouteDefinitionRouteLocator    : RouteDefinition matched: order_route
2019-11-03 14:20:31.947 TRACE 23512 --- [reactor-http-nio-8] o.s.c.g.h.p.RoutePredicateFactory        : Pattern "[/ITCAST-EUREKA/**]" does not match against value "/order/pay"
2019-11-03 14:20:31.948 TRACE 23512 --- [reactor-http-nio-8] o.s.c.g.h.p.RoutePredicateFactory        : Pattern "[/ITCAST-ORDER/**]" does not match against value "/order/pay"
2019-11-03 14:20:31.948 TRACE 23512 --- [reactor-http-nio-8] o.s.c.g.h.p.RoutePredicateFactory        : Pattern "[/ITCAST-GATEWAY/**]" does not match against value "/order/pay"
2019-11-03 14:20:31.948 TRACE 23512 --- [reactor-http-nio-8] o.s.c.g.h.p.RoutePredicateFactory        : Pattern "/order/**" matches against value "/order/pay"
2019-11-03 14:20:31.948 DEBUG 23512 --- [reactor-http-nio-8] o.s.c.g.h.RoutePredicateHandlerMapping   : Route matched: order_route
2019-11-03 14:20:31.949 DEBUG 23512 --- [reactor-http-nio-8] o.s.c.g.h.RoutePredicateHandlerMapping   : Mapping [Exchange: POST http://backServer/order/pay] to Route{id='order_route', uri=lb://ITCAST-ORDER, order=0, predicate=org.springframework.cloud.gateway.support.ServerWebExchangeUtils$$Lambda$851/31610308@6d53f227, gatewayFilters=[]}
2019-11-03 14:20:31.949 DEBUG 23512 --- [reactor-http-nio-8] o.s.c.g.h.RoutePredicateHandlerMapping   : [dd31d8a2] Mapped to org.springframework.cloud.gateway.handler.FilteringWebHandler@18939797
2019-11-03 14:20:31.949 DEBUG 23512 --- [reactor-http-nio-8] o.s.c.g.handler.FilteringWebHandler      : Sorted gatewayFilterFactories: [OrderedGatewayFilter{delegate=GatewayFilterAdapter{delegate=org.springframework.cloud.gateway.filter.AdaptCachedBodyGlobalFilter@3d299393}, order=-2147482648}, OrderedGatewayFilter{delegate=GatewayFilterAdapter{delegate=org.springframework.cloud.gateway.filter.GatewayMetricsFilter@1c52552f}, order=-2147473648}, OrderedGatewayFilter{delegate=GatewayFilterAdapter{delegate=org.springframework.cloud.gateway.filter.NettyWriteResponseFilter@4b1ec694}, order=-1}, OrderedGatewayFilter{delegate=GatewayFilterAdapter{delegate=org.springframework.cloud.gateway.filter.ForwardPathFilter@16da1abc}, order=0}, OrderedGatewayFilter{delegate=GatewayFilterAdapter{delegate=org.springframework.cloud.gateway.filter.RouteToRequestUrlFilter@5f34907b}, order=10000}, OrderedGatewayFilter{delegate=GatewayFilterAdapter{delegate=org.springframework.cloud.gateway.filter.LoadBalancerClientFilter@5426cb36}, order=10100}, OrderedGatewayFilter{delegate=GatewayFilterAdapter{delegate=org.springframework.cloud.gateway.filter.WebsocketRoutingFilter@671ea6ff}, order=2147483646}, OrderedGatewayFilter{delegate=GatewayFilterAdapter{delegate=org.springframework.cloud.gateway.filter.NettyRoutingFilter@65e22def}, order=2147483647}, OrderedGatewayFilter{delegate=GatewayFilterAdapter{delegate=org.springframework.cloud.gateway.filter.ForwardRoutingFilter@2b4d4327}, order=2147483647}]
2019-11-03 14:20:31.949 TRACE 23512 --- [reactor-http-nio-8] o.s.c.g.filter.RouteToRequestUrlFilter   : RouteToRequestUrlFilter start
2019-11-03 14:20:31.949 TRACE 23512 --- [reactor-http-nio-8] o.s.c.g.filter.LoadBalancerClientFilter  : LoadBalancerClientFilter url before: lb://ITCAST-ORDER/order/pay
2019-11-03 14:20:31.950 TRACE 23512 --- [reactor-http-nio-8] o.s.c.g.filter.LoadBalancerClientFilter  : LoadBalancerClientFilter url chosen: http://192.168.0.104:8200/order/pay
2019-11-03 14:20:35.911 TRACE 23512 --- [reactor-http-nio-7] o.s.c.g.filter.NettyWriteResponseFilter  : NettyWriteResponseFilter start
2019-11-03 14:20:35.913 TRACE 23512 --- [reactor-http-nio-8] o.s.c.g.filter.GatewayMetricsFilter      : Stopping timer 'gateway.requests' with tags [tag(outcome=SUCCESSFUL),tag(routeId=order_route),tag(routeUri=lb://ITCAST-ORDER),tag(status=OK)]
2019-11-03 14:21:00.392 TRACE 24052 --- [reactor-http-nio-8] o.s.c.g.f.WeightCalculatorWebFilter      : Weights attr: {}
2019-11-03 14:21:00.394 DEBUG 24052 --- [reactor-http-nio-8] o.s.c.g.r.RouteDefinitionRouteLocator    : RouteDefinition CompositeDiscoveryClient_ITCAST-EUREKA applying {pattern=/ITCAST-EUREKA/**} to Path
2019-11-03 14:21:00.397 DEBUG 24052 --- [reactor-http-nio-8] o.s.c.g.r.RouteDefinitionRouteLocator    : RouteDefinition CompositeDiscoveryClient_ITCAST-EUREKA applying filter {regexp=/ITCAST-EUREKA/(?<remaining>.*), replacement=/${remaining}} to RewritePath
2019-11-03 14:21:00.399 DEBUG 24052 --- [reactor-http-nio-8] o.s.c.g.r.RouteDefinitionRouteLocator    : RouteDefinition matched: CompositeDiscoveryClient_ITCAST-EUREKA
2019-11-03 14:21:00.400 DEBUG 24052 --- [reactor-http-nio-8] o.s.c.g.r.RouteDefinitionRouteLocator    : RouteDefinition CompositeDiscoveryClient_ITCAST-ORDER applying {pattern=/ITCAST-ORDER/**} to Path
2019-11-03 14:21:00.403 DEBUG 24052 --- [reactor-http-nio-8] o.s.c.g.r.RouteDefinitionRouteLocator    : RouteDefinition CompositeDiscoveryClient_ITCAST-ORDER applying filter {regexp=/ITCAST-ORDER/(?<remaining>.*), replacement=/${remaining}} to RewritePath
2019-11-03 14:21:00.404 DEBUG 24052 --- [reactor-http-nio-8] o.s.c.g.r.RouteDefinitionRouteLocator    : RouteDefinition matched: CompositeDiscoveryClient_ITCAST-ORDER
2019-11-03 14:21:00.405 DEBUG 24052 --- [reactor-http-nio-8] o.s.c.g.r.RouteDefinitionRouteLocator    : RouteDefinition CompositeDiscoveryClient_ITCAST-GATEWAY applying {pattern=/ITCAST-GATEWAY/**} to Path
2019-11-03 14:21:00.406 DEBUG 24052 --- [reactor-http-nio-8] o.s.c.g.r.RouteDefinitionRouteLocator    : RouteDefinition CompositeDiscoveryClient_ITCAST-GATEWAY applying filter {regexp=/ITCAST-GATEWAY/(?<remaining>.*), replacement=/${remaining}} to RewritePath
2019-11-03 14:21:00.407 DEBUG 24052 --- [reactor-http-nio-8] o.s.c.g.r.RouteDefinitionRouteLocator    : RouteDefinition matched: CompositeDiscoveryClient_ITCAST-GATEWAY
2019-11-03 14:21:00.408 DEBUG 24052 --- [reactor-http-nio-8] o.s.c.g.r.RouteDefinitionRouteLocator    : RouteDefinition order_route applying {_genkey_0=/order/**} to Path
2019-11-03 14:21:00.409 DEBUG 24052 --- [reactor-http-nio-8] o.s.c.g.r.RouteDefinitionRouteLocator    : RouteDefinition matched: order_route
2019-11-03 14:21:00.409 TRACE 24052 --- [reactor-http-nio-8] o.s.c.g.h.p.RoutePredicateFactory        : Pattern "[/ITCAST-EUREKA/**]" does not match against value "/order/pay"
2019-11-03 14:21:00.410 TRACE 24052 --- [reactor-http-nio-8] o.s.c.g.h.p.RoutePredicateFactory        : Pattern "[/ITCAST-ORDER/**]" does not match against value "/order/pay"
2019-11-03 14:21:00.410 TRACE 24052 --- [reactor-http-nio-8] o.s.c.g.h.p.RoutePredicateFactory        : Pattern "[/ITCAST-GATEWAY/**]" does not match against value "/order/pay"
2019-11-03 14:21:00.411 TRACE 24052 --- [reactor-http-nio-8] o.s.c.g.h.p.RoutePredicateFactory        : Pattern "/order/**" matches against value "/order/pay"
2019-11-03 14:21:00.411 DEBUG 24052 --- [reactor-http-nio-8] o.s.c.g.h.RoutePredicateHandlerMapping   : Route matched: order_route
2019-11-03 14:21:00.411 DEBUG 24052 --- [reactor-http-nio-8] o.s.c.g.h.RoutePredicateHandlerMapping   : Mapping [Exchange: POST http://backServer/order/pay] to Route{id='order_route', uri=lb://ITCAST-ORDER, order=0, predicate=org.springframework.cloud.gateway.support.ServerWebExchangeUtils$$Lambda$851/321673650@3b3075a3, gatewayFilters=[]}
2019-11-03 14:21:00.411 DEBUG 24052 --- [reactor-http-nio-8] o.s.c.g.h.RoutePredicateHandlerMapping   : [be2c172c] Mapped to org.springframework.cloud.gateway.handler.FilteringWebHandler@15ee857b
2019-11-03 14:21:00.412 DEBUG 24052 --- [reactor-http-nio-8] o.s.c.g.handler.FilteringWebHandler      : Sorted gatewayFilterFactories: [OrderedGatewayFilter{delegate=GatewayFilterAdapter{delegate=org.springframework.cloud.gateway.filter.AdaptCachedBodyGlobalFilter@5b40de43}, order=-2147482648}, OrderedGatewayFilter{delegate=GatewayFilterAdapter{delegate=org.springframework.cloud.gateway.filter.GatewayMetricsFilter@48a2db72}, order=-2147473648}, OrderedGatewayFilter{delegate=GatewayFilterAdapter{delegate=org.springframework.cloud.gateway.filter.NettyWriteResponseFilter@9ab310b}, order=-1}, OrderedGatewayFilter{delegate=GatewayFilterAdapter{delegate=org.springframework.cloud.gateway.filter.ForwardPathFilter@4faf104}, order=0}, OrderedGatewayFilter{delegate=GatewayFilterAdapter{delegate=org.springframework.cloud.gateway.filter.RouteToRequestUrlFilter@49fb0bbd}, order=10000}, OrderedGatewayFilter{delegate=GatewayFilterAdapter{delegate=org.springframework.cloud.gateway.filter.LoadBalancerClientFilter@1526f71}, order=10100}, OrderedGatewayFilter{delegate=GatewayFilterAdapter{delegate=org.springframework.cloud.gateway.filter.WebsocketRoutingFilter@5995851e}, order=2147483646}, OrderedGatewayFilter{delegate=GatewayFilterAdapter{delegate=org.springframework.cloud.gateway.filter.NettyRoutingFilter@49ca94a9}, order=2147483647}, OrderedGatewayFilter{delegate=GatewayFilterAdapter{delegate=org.springframework.cloud.gateway.filter.ForwardRoutingFilter@5489b1f7}, order=2147483647}]
2019-11-03 14:21:00.412 TRACE 24052 --- [reactor-http-nio-8] o.s.c.g.filter.RouteToRequestUrlFilter   : RouteToRequestUrlFilter start
2019-11-03 14:21:00.412 TRACE 24052 --- [reactor-http-nio-8] o.s.c.g.filter.LoadBalancerClientFilter  : LoadBalancerClientFilter url before: lb://ITCAST-ORDER/order/pay
2019-11-03 14:21:00.412 TRACE 24052 --- [reactor-http-nio-8] o.s.c.g.filter.LoadBalancerClientFilter  : LoadBalancerClientFilter url chosen: http://192.168.0.104:8200/order/pay
2019-11-03 14:21:00.430 TRACE 24052 --- [reactor-http-nio-8] o.s.c.g.filter.NettyWriteResponseFilter  : NettyWriteResponseFilter start
2019-11-03 14:21:00.431 TRACE 24052 --- [reactor-http-nio-8] o.s.c.g.filter.GatewayMetricsFilter      : Stopping timer 'gateway.requests' with tags [tag(outcome=SUCCESSFUL),tag(routeId=order_route),tag(routeUri=lb://ITCAST-ORDER),tag(status=OK)]
2019-11-03 14:24:34.692  INFO 18372 --- [AsyncResolver-bootstrap-executor-0] c.n.d.s.r.aws.ConfigClusterResolver      : Resolving eureka endpoints via configuration
2019-11-03 14:24:54.569  INFO 23512 --- [AsyncResolver-bootstrap-executor-0] c.n.d.s.r.aws.ConfigClusterResolver      : Resolving eureka endpoints via configuration
2019-11-03 14:24:58.784  INFO 24052 --- [AsyncResolver-bootstrap-executor-0] c.n.d.s.r.aws.ConfigClusterResolver      : Resolving eureka endpoints via configuration
2019-11-03 14:29:34.694  INFO 18372 --- [AsyncResolver-bootstrap-executor-0] c.n.d.s.r.aws.ConfigClusterResolver      : Resolving eureka endpoints via configuration
2019-11-03 14:29:54.571  INFO 23512 --- [AsyncResolver-bootstrap-executor-0] c.n.d.s.r.aws.ConfigClusterResolver      : Resolving eureka endpoints via configuration
2019-11-03 14:29:58.785  INFO 24052 --- [AsyncResolver-bootstrap-executor-0] c.n.d.s.r.aws.ConfigClusterResolver      : Resolving eureka endpoints via configuration
2019-11-03 14:34:34.695  INFO 18372 --- [AsyncResolver-bootstrap-executor-0] c.n.d.s.r.aws.ConfigClusterResolver      : Resolving eureka endpoints via configuration
2019-11-03 14:34:54.573  INFO 23512 --- [AsyncResolver-bootstrap-executor-0] c.n.d.s.r.aws.ConfigClusterResolver      : Resolving eureka endpoints via configuration
2019-11-03 14:34:58.787  INFO 24052 --- [AsyncResolver-bootstrap-executor-0] c.n.d.s.r.aws.ConfigClusterResolver      : Resolving eureka endpoints via configuration
